<?xml version="1.0" encoding="UTF-8"?>
<coverage generated="1737184833396" clover="3.2.0">
  <project timestamp="1737184833396" name="All files">
    <metrics statements="250" coveredstatements="232" conditionals="93" coveredconditionals="76" methods="56" coveredmethods="53" elements="399" coveredelements="361" complexity="0" loc="250" ncloc="250" packages="2" files="3" classes="3"/>
    <package name="src">
      <metrics statements="165" coveredstatements="151" conditionals="61" coveredconditionals="49" methods="32" coveredmethods="30"/>
      <file name="index.ts" path="/home/atomik/src/insight/src/index.ts">
        <metrics statements="165" coveredstatements="151" conditionals="61" coveredconditionals="49" methods="32" coveredmethods="30"/>
        <line num="21" count="38" type="cond" truecount="2" falsecount="0"/>
        <line num="22" count="38" type="stmt"/>
        <line num="26" count="38" type="stmt"/>
        <line num="38" count="38" type="stmt"/>
        <line num="41" count="38" type="stmt"/>
        <line num="42" count="38" type="stmt"/>
        <line num="43" count="24" type="stmt"/>
        <line num="44" count="24" type="stmt"/>
        <line num="49" count="5" type="stmt"/>
        <line num="53" count="37" type="stmt"/>
        <line num="57" count="38" type="stmt"/>
        <line num="220" count="38" type="stmt"/>
        <line num="221" count="16" type="cond" truecount="16" falsecount="0"/>
        <line num="223" count="1" type="stmt"/>
        <line num="225" count="1" type="stmt"/>
        <line num="227" count="1" type="stmt"/>
        <line num="229" count="1" type="stmt"/>
        <line num="231" count="1" type="stmt"/>
        <line num="233" count="1" type="stmt"/>
        <line num="235" count="1" type="stmt"/>
        <line num="237" count="1" type="stmt"/>
        <line num="239" count="1" type="stmt"/>
        <line num="241" count="1" type="stmt"/>
        <line num="243" count="1" type="stmt"/>
        <line num="245" count="1" type="stmt"/>
        <line num="247" count="1" type="stmt"/>
        <line num="249" count="1" type="stmt"/>
        <line num="251" count="1" type="stmt"/>
        <line num="253" count="1" type="stmt"/>
        <line num="262" count="2" type="stmt"/>
        <line num="266" count="2" type="cond" truecount="1" falsecount="0"/>
        <line num="267" count="1" type="stmt"/>
        <line num="273" count="1" type="stmt"/>
        <line num="275" count="1" type="stmt"/>
        <line num="290" count="3" type="stmt"/>
        <line num="291" count="3" type="cond" truecount="1" falsecount="0"/>
        <line num="292" count="2" type="stmt"/>
        <line num="298" count="1" type="stmt"/>
        <line num="299" count="1" type="stmt"/>
        <line num="301" count="1" type="stmt"/>
        <line num="302" count="1" type="stmt"/>
        <line num="304" count="1" type="stmt"/>
        <line num="318" count="4" type="stmt"/>
        <line num="319" count="4" type="cond" truecount="1" falsecount="0"/>
        <line num="320" count="2" type="stmt"/>
        <line num="326" count="2" type="stmt"/>
        <line num="330" count="2" type="cond" truecount="1" falsecount="0"/>
        <line num="331" count="1" type="stmt"/>
        <line num="337" count="1" type="stmt"/>
        <line num="343" count="1" type="stmt"/>
        <line num="345" count="1" type="stmt"/>
        <line num="361" count="4" type="stmt"/>
        <line num="365" count="4" type="cond" truecount="1" falsecount="0"/>
        <line num="366" count="1" type="stmt"/>
        <line num="372" count="3" type="stmt"/>
        <line num="374" count="3" type="stmt"/>
        <line num="389" count="4" type="stmt"/>
        <line num="390" count="4" type="cond" truecount="1" falsecount="0"/>
        <line num="391" count="2" type="stmt"/>
        <line num="397" count="2" type="stmt"/>
        <line num="401" count="2" type="cond" truecount="1" falsecount="0"/>
        <line num="402" count="1" type="stmt"/>
        <line num="408" count="1" type="stmt"/>
        <line num="414" count="1" type="stmt"/>
        <line num="416" count="1" type="stmt"/>
        <line num="432" count="3" type="stmt"/>
        <line num="436" count="3" type="cond" truecount="0" falsecount="1"/>
        <line num="437" count="0" type="stmt"/>
        <line num="443" count="3" type="stmt"/>
        <line num="445" count="3" type="stmt"/>
        <line num="460" count="4" type="stmt"/>
        <line num="461" count="4" type="cond" truecount="1" falsecount="0"/>
        <line num="462" count="2" type="stmt"/>
        <line num="468" count="2" type="stmt"/>
        <line num="472" count="2" type="cond" truecount="1" falsecount="0"/>
        <line num="473" count="1" type="stmt"/>
        <line num="479" count="1" type="stmt"/>
        <line num="485" count="1" type="stmt"/>
        <line num="487" count="1" type="stmt"/>
        <line num="503" count="2" type="stmt"/>
        <line num="507" count="2" type="cond" truecount="0" falsecount="1"/>
        <line num="508" count="0" type="stmt"/>
        <line num="514" count="2" type="stmt"/>
        <line num="516" count="2" type="stmt"/>
        <line num="531" count="2" type="stmt"/>
        <line num="532" count="2" type="cond" truecount="1" falsecount="0"/>
        <line num="533" count="1" type="stmt"/>
        <line num="539" count="1" type="stmt"/>
        <line num="543" count="1" type="cond" truecount="0" falsecount="1"/>
        <line num="544" count="0" type="stmt"/>
        <line num="551" count="1" type="stmt"/>
        <line num="552" count="1" type="stmt"/>
        <line num="554" count="1" type="cond" truecount="0" falsecount="1"/>
        <line num="555" count="0" type="stmt"/>
        <line num="561" count="1" type="stmt"/>
        <line num="566" count="1" type="stmt"/>
        <line num="568" count="1" type="stmt"/>
        <line num="587" count="3" type="stmt"/>
        <line num="596" count="4" type="cond" truecount="1" falsecount="1"/>
        <line num="599" count="1" type="cond" truecount="2" falsecount="0"/>
        <line num="605" count="1" type="stmt"/>
        <line num="612" count="1" type="stmt"/>
        <line num="613" count="1" type="cond" truecount="1" falsecount="0"/>
        <line num="614" count="1" type="stmt"/>
        <line num="620" count="0" type="stmt"/>
        <line num="624" count="0" type="cond" truecount="0" falsecount="1"/>
        <line num="625" count="0" type="stmt"/>
        <line num="631" count="0" type="stmt"/>
        <line num="638" count="0" type="stmt"/>
        <line num="640" count="0" type="stmt"/>
        <line num="656" count="1" type="stmt"/>
        <line num="660" count="1" type="cond" truecount="0" falsecount="1"/>
        <line num="661" count="0" type="stmt"/>
        <line num="667" count="1" type="stmt"/>
        <line num="669" count="1" type="stmt"/>
        <line num="684" count="4" type="stmt"/>
        <line num="685" count="4" type="cond" truecount="1" falsecount="0"/>
        <line num="686" count="2" type="stmt"/>
        <line num="692" count="2" type="stmt"/>
        <line num="696" count="2" type="cond" truecount="1" falsecount="0"/>
        <line num="697" count="1" type="stmt"/>
        <line num="704" count="1" type="cond" truecount="1" falsecount="1"/>
        <line num="709" count="1" type="stmt"/>
        <line num="710" count="1" type="cond" truecount="1" falsecount="1"/>
        <line num="711" count="1" type="stmt"/>
        <line num="716" count="1" type="stmt"/>
        <line num="718" count="0" type="stmt"/>
        <line num="722" count="1" type="cond" truecount="1" falsecount="0"/>
        <line num="723" count="1" type="cond" truecount="1" falsecount="1"/>
        <line num="724" count="1" type="stmt"/>
        <line num="731" count="1" type="stmt"/>
        <line num="737" count="1" type="stmt"/>
        <line num="740" count="1" type="stmt"/>
        <line num="741" count="1" type="stmt"/>
        <line num="743" count="1" type="stmt"/>
        <line num="762" count="4" type="stmt"/>
        <line num="767" count="2" type="cond" truecount="2" falsecount="0"/>
        <line num="776" count="2" type="stmt"/>
        <line num="777" count="2" type="cond" truecount="1" falsecount="0"/>
        <line num="778" count="1" type="stmt"/>
        <line num="784" count="1" type="stmt"/>
        <line num="788" count="1" type="cond" truecount="0" falsecount="1"/>
        <line num="789" count="0" type="stmt"/>
        <line num="795" count="1" type="stmt"/>
        <line num="802" count="1" type="stmt"/>
        <line num="804" count="1" type="stmt"/>
        <line num="820" count="2" type="stmt"/>
        <line num="824" count="2" type="cond" truecount="0" falsecount="1"/>
        <line num="825" count="0" type="stmt"/>
        <line num="831" count="2" type="stmt"/>
        <line num="833" count="2" type="stmt"/>
        <line num="848" count="4" type="stmt"/>
        <line num="849" count="4" type="cond" truecount="1" falsecount="0"/>
        <line num="850" count="2" type="stmt"/>
        <line num="856" count="2" type="stmt"/>
        <line num="860" count="2" type="cond" truecount="1" falsecount="0"/>
        <line num="861" count="1" type="stmt"/>
        <line num="867" count="1" type="stmt"/>
        <line num="873" count="1" type="stmt"/>
        <line num="875" count="1" type="stmt"/>
        <line num="894" count="1" type="stmt"/>
        <line num="895" count="1" type="stmt"/>
        <line num="896" count="1" type="stmt"/>
        <line num="900" count="1" type="stmt"/>
        <line num="901" count="1" type="stmt"/>
      </file>
    </package>
    <package name="src.lib">
      <metrics statements="85" coveredstatements="81" conditionals="32" coveredconditionals="27" methods="24" coveredmethods="23"/>
      <file name="phase-manager.ts" path="/home/atomik/src/insight/src/lib/phase-manager.ts">
        <metrics statements="74" coveredstatements="70" conditionals="30" coveredconditionals="25" methods="23" coveredmethods="22"/>
        <line num="35" count="71" type="stmt"/>
        <line num="36" count="71" type="stmt"/>
        <line num="40" count="71" type="stmt"/>
        <line num="42" count="71" type="stmt"/>
        <line num="43" count="71" type="cond" truecount="0" falsecount="1"/>
        <line num="44" count="0" type="stmt"/>
        <line num="48" count="70" type="cond" truecount="1" falsecount="0"/>
        <line num="49" count="1" type="stmt"/>
        <line num="50" count="1" type="stmt"/>
        <line num="54" count="69" type="stmt"/>
        <line num="61" count="1" type="stmt"/>
        <line num="62" count="1" type="stmt"/>
        <line num="72" count="12" type="stmt"/>
        <line num="73" count="12" type="stmt"/>
        <line num="74" count="12" type="stmt"/>
        <line num="76" count="11" type="stmt"/>
        <line num="82" count="1" type="stmt"/>
        <line num="83" count="1" type="stmt"/>
        <line num="88" count="10" type="stmt"/>
        <line num="92" count="16" type="stmt"/>
        <line num="93" count="171" type="cond" truecount="2" falsecount="0"/>
        <line num="95" count="16" type="cond" truecount="2" falsecount="0"/>
        <line num="99" count="4" type="stmt"/>
        <line num="100" count="4" type="stmt"/>
        <line num="104" count="4" type="cond" truecount="2" falsecount="0"/>
        <line num="108" count="5" type="cond" truecount="1" falsecount="0"/>
        <line num="109" count="5" type="stmt"/>
        <line num="111" count="5" type="stmt"/>
        <line num="112" count="5" type="stmt"/>
        <line num="116" count="2" type="stmt"/>
        <line num="117" count="2" type="cond" truecount="3" falsecount="0"/>
        <line num="118" count="1" type="stmt"/>
        <line num="120" count="1" type="stmt"/>
        <line num="128" count="6" type="stmt"/>
        <line num="129" count="6" type="cond" truecount="1" falsecount="0"/>
        <line num="130" count="1" type="stmt"/>
        <line num="133" count="5" type="cond" truecount="2" falsecount="0"/>
        <line num="134" count="5" type="stmt"/>
        <line num="136" count="5" type="stmt"/>
        <line num="137" count="5" type="cond" truecount="2" falsecount="0"/>
        <line num="140" count="5" type="stmt"/>
        <line num="142" count="5" type="cond" truecount="1" falsecount="0"/>
        <line num="143" count="3" type="cond" truecount="1" falsecount="1"/>
        <line num="145" count="0" type="stmt"/>
        <line num="146" count="0" type="cond" truecount="0" falsecount="3"/>
        <line num="147" count="0" type="stmt"/>
        <line num="151" count="3" type="stmt"/>
        <line num="152" count="9" type="cond" truecount="1" falsecount="0"/>
        <line num="153" count="6" type="stmt"/>
        <line num="159" count="5" type="stmt"/>
        <line num="160" count="15" type="stmt"/>
        <line num="161" count="9" type="stmt"/>
        <line num="163" count="5" type="stmt"/>
        <line num="176" count="4" type="stmt"/>
        <line num="177" count="4" type="cond" truecount="1" falsecount="0"/>
        <line num="178" count="2" type="stmt"/>
        <line num="181" count="2" type="stmt"/>
        <line num="182" count="2" type="cond" truecount="1" falsecount="0"/>
        <line num="183" count="1" type="stmt"/>
        <line num="190" count="1" type="stmt"/>
        <line num="191" count="1" type="stmt"/>
        <line num="193" count="1" type="stmt"/>
        <line num="201" count="4" type="stmt"/>
        <line num="207" count="4" type="cond" truecount="2" falsecount="0"/>
        <line num="214" count="2" type="stmt"/>
        <line num="215" count="2" type="stmt"/>
        <line num="221" count="17" type="stmt"/>
        <line num="222" count="17" type="cond" truecount="2" falsecount="0"/>
        <line num="232" count="7" type="stmt"/>
        <line num="233" count="3" type="stmt"/>
        <line num="236" count="7" type="stmt"/>
        <line num="237" count="12" type="stmt"/>
        <line num="238" count="5" type="stmt"/>
        <line num="243" count="7" type="stmt"/>
      </file>
      <file name="types.ts" path="/home/atomik/src/insight/src/lib/types.ts">
        <metrics statements="11" coveredstatements="11" conditionals="2" coveredconditionals="2" methods="1" coveredmethods="1"/>
        <line num="1" count="2" type="cond" truecount="2" falsecount="0"/>
        <line num="2" count="2" type="stmt"/>
        <line num="3" count="2" type="stmt"/>
        <line num="4" count="2" type="stmt"/>
        <line num="5" count="2" type="stmt"/>
        <line num="6" count="2" type="stmt"/>
        <line num="7" count="2" type="stmt"/>
        <line num="8" count="2" type="stmt"/>
        <line num="9" count="2" type="stmt"/>
        <line num="152" count="2" type="stmt"/>
        <line num="380" count="2" type="stmt"/>
      </file>
    </package>
  </project>
</coverage>
