{"/home/atomik/src/insight/src/index.ts": {"path":"/home/atomik/src/insight/src/index.ts","statementMap":{"0":{"start":{"line":21,"column":4},"end":{"line":21,"column":65}},"1":{"start":{"line":22,"column":4},"end":{"line":24,"column":6}},"2":{"start":{"line":26,"column":4},"end":{"line":36,"column":6}},"3":{"start":{"line":38,"column":4},"end":{"line":38,"column":29}},"4":{"start":{"line":41,"column":4},"end":{"line":41,"column":73}},"5":{"start":{"line":41,"column":37},"end":{"line":41,"column":72}},"6":{"start":{"line":42,"column":4},"end":{"line":45,"column":7}},"7":{"start":{"line":43,"column":6},"end":{"line":43,"column":32}},"8":{"start":{"line":44,"column":6},"end":{"line":44,"column":22}},"9":{"start":{"line":49,"column":4},"end":{"line":49,"column":23}},"10":{"start":{"line":53,"column":4},"end":{"line":53,"column":30}},"11":{"start":{"line":57,"column":4},"end":{"line":92,"column":8}},"12":{"start":{"line":57,"column":71},"end":{"line":92,"column":6}},"13":{"start":{"line":94,"column":4},"end":{"line":110,"column":7}},"14":{"start":{"line":95,"column":6},"end":{"line":109,"column":7}},"15":{"start":{"line":97,"column":10},"end":{"line":97,"column":48}},"16":{"start":{"line":99,"column":10},"end":{"line":99,"column":44}},"17":{"start":{"line":101,"column":10},"end":{"line":101,"column":51}},"18":{"start":{"line":103,"column":10},"end":{"line":103,"column":49}},"19":{"start":{"line":105,"column":10},"end":{"line":108,"column":12}},"20":{"start":{"line":114,"column":19},"end":{"line":116,"column":null}},"21":{"start":{"line":118,"column":4},"end":{"line":123,"column":5}},"22":{"start":{"line":119,"column":6},"end":{"line":122,"column":8}},"23":{"start":{"line":125,"column":20},"end":{"line":125,"column":100}},"24":{"start":{"line":127,"column":4},"end":{"line":138,"column":6}},"25":{"start":{"line":142,"column":20},"end":{"line":142,"column":100}},"26":{"start":{"line":143,"column":4},"end":{"line":148,"column":5}},"27":{"start":{"line":144,"column":6},"end":{"line":147,"column":8}},"28":{"start":{"line":150,"column":22},"end":{"line":150,"column":80}},"29":{"start":{"line":151,"column":4},"end":{"line":151,"column":65}},"30":{"start":{"line":153,"column":18},"end":{"line":153,"column":52}},"31":{"start":{"line":154,"column":4},"end":{"line":154,"column":58}},"32":{"start":{"line":156,"column":4},"end":{"line":166,"column":6}},"33":{"start":{"line":170,"column":20},"end":{"line":170,"column":100}},"34":{"start":{"line":171,"column":4},"end":{"line":176,"column":5}},"35":{"start":{"line":172,"column":6},"end":{"line":175,"column":8}},"36":{"start":{"line":178,"column":19},"end":{"line":180,"column":null}},"37":{"start":{"line":182,"column":4},"end":{"line":187,"column":5}},"38":{"start":{"line":183,"column":6},"end":{"line":186,"column":8}},"39":{"start":{"line":189,"column":29},"end":{"line":193,"column":null}},"40":{"start":{"line":195,"column":4},"end":{"line":195,"column":72}},"41":{"start":{"line":197,"column":4},"end":{"line":209,"column":6}},"42":{"start":{"line":213,"column":19},"end":{"line":215,"column":null}},"43":{"start":{"line":217,"column":4},"end":{"line":222,"column":5}},"44":{"start":{"line":218,"column":6},"end":{"line":221,"column":8}},"45":{"start":{"line":224,"column":20},"end":{"line":224,"column":110}},"46":{"start":{"line":226,"column":4},"end":{"line":237,"column":6}},"47":{"start":{"line":241,"column":4},"end":{"line":262,"column":2}},"48":{"start":{"line":250,"column":53},"end":{"line":250,"column":61}},"49":{"start":{"line":253,"column":49},"end":{"line":253,"column":57}},"50":{"start":{"line":259,"column":6},"end":{"line":259,"column":65}},"51":{"start":{"line":266,"column":22},"end":{"line":266,"column":48}},"52":{"start":{"line":267,"column":4},"end":{"line":267,"column":41}},"53":{"start":{"line":268,"column":4},"end":{"line":268,"column":57}},"54":{"start":{"line":272,"column":15},"end":{"line":272,"column":34}},"55":{"start":{"line":273,"column":0},"end":{"line":273,"column":34}}},"fnMap":{"0":{"name":"(anonymous_0)","decl":{"start":{"line":20,"column":2},"end":{"line":20,"column":null}},"loc":{"start":{"line":20,"column":2},"end":{"line":46,"column":3}}},"1":{"name":"(anonymous_1)","decl":{"start":{"line":41,"column":26},"end":{"line":41,"column":27}},"loc":{"start":{"line":41,"column":37},"end":{"line":41,"column":72}}},"2":{"name":"(anonymous_2)","decl":{"start":{"line":42,"column":25},"end":{"line":42,"column":30}},"loc":{"start":{"line":42,"column":36},"end":{"line":45,"column":5}}},"3":{"name":"(anonymous_3)","decl":{"start":{"line":48,"column":9},"end":{"line":48,"column":18}},"loc":{"start":{"line":48,"column":18},"end":{"line":50,"column":3}}},"4":{"name":"(anonymous_4)","decl":{"start":{"line":52,"column":9},"end":{"line":52,"column":14}},"loc":{"start":{"line":52,"column":20},"end":{"line":54,"column":3}}},"5":{"name":"(anonymous_5)","decl":{"start":{"line":56,"column":10},"end":{"line":56,"column":27}},"loc":{"start":{"line":56,"column":27},"end":{"line":111,"column":3}}},"6":{"name":"(anonymous_6)","decl":{"start":{"line":57,"column":58},"end":{"line":57,"column":63}},"loc":{"start":{"line":57,"column":71},"end":{"line":92,"column":6}}},"7":{"name":"(anonymous_7)","decl":{"start":{"line":94,"column":57},"end":{"line":94,"column":62}},"loc":{"start":{"line":94,"column":75},"end":{"line":110,"column":5}}},"8":{"name":"(anonymous_8)","decl":{"start":{"line":113,"column":10},"end":{"line":113,"column":15}},"loc":{"start":{"line":113,"column":39},"end":{"line":139,"column":3}}},"9":{"name":"(anonymous_9)","decl":{"start":{"line":141,"column":10},"end":{"line":141,"column":15}},"loc":{"start":{"line":141,"column":35},"end":{"line":167,"column":3}}},"10":{"name":"(anonymous_10)","decl":{"start":{"line":169,"column":10},"end":{"line":169,"column":15}},"loc":{"start":{"line":169,"column":42},"end":{"line":210,"column":3}}},"11":{"name":"(anonymous_11)","decl":{"start":{"line":212,"column":10},"end":{"line":212,"column":15}},"loc":{"start":{"line":212,"column":40},"end":{"line":238,"column":3}}},"12":{"name":"(anonymous_12)","decl":{"start":{"line":240,"column":10},"end":{"line":240,"column":30}},"loc":{"start":{"line":240,"column":43},"end":{"line":263,"column":3}}},"13":{"name":"(anonymous_13)","decl":{"start":{"line":250,"column":38},"end":{"line":250,"column":39}},"loc":{"start":{"line":250,"column":53},"end":{"line":250,"column":61}}},"14":{"name":"(anonymous_14)","decl":{"start":{"line":253,"column":34},"end":{"line":253,"column":35}},"loc":{"start":{"line":253,"column":49},"end":{"line":253,"column":57}}},"15":{"name":"(anonymous_15)","decl":{"start":{"line":258,"column":4},"end":{"line":258,"column":5}},"loc":{"start":{"line":259,"column":6},"end":{"line":259,"column":65}}},"16":{"name":"(anonymous_16)","decl":{"start":{"line":265,"column":9},"end":{"line":265,"column":14}},"loc":{"start":{"line":265,"column":18},"end":{"line":269,"column":3}}}},"branchMap":{"0":{"loc":{"start":{"line":21,"column":23},"end":{"line":21,"column":64}},"type":"binary-expr","locations":[{"start":{"line":21,"column":23},"end":{"line":21,"column":47}},{"start":{"line":21,"column":51},"end":{"line":21,"column":64}}]},"1":{"loc":{"start":{"line":95,"column":6},"end":{"line":109,"column":7}},"type":"switch","locations":[{"start":{"line":96,"column":8},"end":{"line":97,"column":48}},{"start":{"line":98,"column":8},"end":{"line":99,"column":44}},{"start":{"line":100,"column":8},"end":{"line":101,"column":51}},{"start":{"line":102,"column":8},"end":{"line":103,"column":49}},{"start":{"line":104,"column":8},"end":{"line":108,"column":12}}]},"2":{"loc":{"start":{"line":118,"column":4},"end":{"line":123,"column":5}},"type":"if","locations":[{"start":{"line":118,"column":4},"end":{"line":123,"column":5}}]},"3":{"loc":{"start":{"line":143,"column":4},"end":{"line":148,"column":5}},"type":"if","locations":[{"start":{"line":143,"column":4},"end":{"line":148,"column":5}}]},"4":{"loc":{"start":{"line":171,"column":4},"end":{"line":176,"column":5}},"type":"if","locations":[{"start":{"line":171,"column":4},"end":{"line":176,"column":5}}]},"5":{"loc":{"start":{"line":182,"column":4},"end":{"line":187,"column":5}},"type":"if","locations":[{"start":{"line":182,"column":4},"end":{"line":187,"column":5}}]},"6":{"loc":{"start":{"line":217,"column":4},"end":{"line":222,"column":5}},"type":"if","locations":[{"start":{"line":217,"column":4},"end":{"line":222,"column":5}}]},"7":{"loc":{"start":{"line":244,"column":2},"end":{"line":244,"column":35}},"type":"binary-expr","locations":[{"start":{"line":244,"column":2},"end":{"line":244,"column":26}},{"start":{"line":244,"column":30},"end":{"line":244,"column":35}}]},"8":{"loc":{"start":{"line":247,"column":2},"end":{"line":247,"column":35}},"type":"binary-expr","locations":[{"start":{"line":247,"column":2},"end":{"line":247,"column":26}},{"start":{"line":247,"column":30},"end":{"line":247,"column":35}}]},"9":{"loc":{"start":{"line":250,"column":3},"end":{"line":250,"column":32}},"type":"binary-expr","locations":[{"start":{"line":250,"column":3},"end":{"line":250,"column":26}},{"start":{"line":250,"column":30},"end":{"line":250,"column":32}}]},"10":{"loc":{"start":{"line":253,"column":3},"end":{"line":253,"column":28}},"type":"binary-expr","locations":[{"start":{"line":253,"column":3},"end":{"line":253,"column":22}},{"start":{"line":253,"column":26},"end":{"line":253,"column":28}}]},"11":{"loc":{"start":{"line":256,"column":3},"end":{"line":256,"column":26}},"type":"binary-expr","locations":[{"start":{"line":256,"column":3},"end":{"line":256,"column":20}},{"start":{"line":256,"column":24},"end":{"line":256,"column":26}}]}},"s":{"0":15,"1":15,"2":15,"3":15,"4":15,"5":0,"6":15,"7":14,"8":14,"9":5,"10":14,"11":15,"12":1,"13":15,"14":5,"15":1,"16":1,"17":1,"18":1,"19":1,"20":2,"21":2,"22":1,"23":1,"24":1,"25":3,"26":3,"27":2,"28":1,"29":1,"30":1,"31":1,"32":1,"33":3,"34":3,"35":1,"36":2,"37":2,"38":1,"39":1,"40":1,"41":1,"42":3,"43":3,"44":1,"45":2,"46":2,"47":3,"48":4,"49":1,"50":1,"51":1,"52":1,"53":1,"54":1,"55":1},"f":{"0":15,"1":0,"2":14,"3":5,"4":14,"5":15,"6":1,"7":5,"8":2,"9":3,"10":3,"11":3,"12":3,"13":4,"14":1,"15":1,"16":1},"b":{"0":[15,15],"1":[1,1,1,1,1],"2":[1],"3":[2],"4":[1],"5":[1],"6":[1],"7":[3,1],"8":[3,1],"9":[3,0],"10":[3,2],"11":[3,2]}}
,"/home/atomik/src/insight/src/lib/phase-manager.ts": {"path":"/home/atomik/src/insight/src/lib/phase-manager.ts","statementMap":{"0":{"start":{"line":35,"column":4},"end":{"line":35,"column":35}},"1":{"start":{"line":36,"column":4},"end":{"line":36,"column":34}},"2":{"start":{"line":40,"column":4},"end":{"line":68,"column":5}},"3":{"start":{"line":42,"column":18},"end":{"line":42,"column":48}},"4":{"start":{"line":43,"column":6},"end":{"line":45,"column":7}},"5":{"start":{"line":44,"column":8},"end":{"line":44,"column":47}},"6":{"start":{"line":48,"column":6},"end":{"line":51,"column":7}},"7":{"start":{"line":49,"column":21},"end":{"line":49,"column":62}},"8":{"start":{"line":50,"column":8},"end":{"line":50,"column":48}},"9":{"start":{"line":54,"column":6},"end":{"line":59,"column":8}},"10":{"start":{"line":61,"column":6},"end":{"line":61,"column":52}},"11":{"start":{"line":62,"column":6},"end":{"line":67,"column":8}},"12":{"start":{"line":72,"column":4},"end":{"line":84,"column":5}},"13":{"start":{"line":73,"column":18},"end":{"line":73,"column":48}},"14":{"start":{"line":74,"column":6},"end":{"line":74,"column":56}},"15":{"start":{"line":76,"column":6},"end":{"line":80,"column":8}},"16":{"start":{"line":82,"column":6},"end":{"line":82,"column":52}},"17":{"start":{"line":83,"column":6},"end":{"line":83,"column":56}},"18":{"start":{"line":88,"column":4},"end":{"line":88,"column":35}},"19":{"start":{"line":92,"column":19},"end":{"line":93,"column":null}},"20":{"start":{"line":93,"column":6},"end":{"line":93,"column":42}},"21":{"start":{"line":95,"column":4},"end":{"line":95,"column":35}},"22":{"start":{"line":99,"column":4},"end":{"line":99,"column":41}},"23":{"start":{"line":100,"column":4},"end":{"line":100,"column":27}},"24":{"start":{"line":104,"column":4},"end":{"line":104,"column":46}},"25":{"start":{"line":108,"column":4},"end":{"line":110,"column":5}},"26":{"start":{"line":109,"column":6},"end":{"line":109,"column":43}},"27":{"start":{"line":111,"column":4},"end":{"line":111,"column":53}},"28":{"start":{"line":112,"column":4},"end":{"line":112,"column":27}},"29":{"start":{"line":116,"column":24},"end":{"line":116,"column":55}},"30":{"start":{"line":117,"column":4},"end":{"line":119,"column":5}},"31":{"start":{"line":118,"column":6},"end":{"line":118,"column":18}},"32":{"start":{"line":120,"column":4},"end":{"line":120,"column":47}},"33":{"start":{"line":128,"column":17},"end":{"line":128,"column":40}},"34":{"start":{"line":129,"column":4},"end":{"line":131,"column":5}},"35":{"start":{"line":130,"column":6},"end":{"line":130,"column":51}},"36":{"start":{"line":133,"column":24},"end":{"line":133,"column":61}},"37":{"start":{"line":134,"column":30},"end":{"line":134,"column":59}},"38":{"start":{"line":136,"column":29},"end":{"line":136,"column":64}},"39":{"start":{"line":137,"column":19},"end":{"line":137,"column":61}},"40":{"start":{"line":140,"column":28},"end":{"line":140,"column":45}},"41":{"start":{"line":142,"column":4},"end":{"line":157,"column":5}},"42":{"start":{"line":143,"column":6},"end":{"line":156,"column":7}},"43":{"start":{"line":145,"column":26},"end":{"line":145,"column":92}},"44":{"start":{"line":145,"column":50},"end":{"line":145,"column":91}},"45":{"start":{"line":146,"column":8},"end":{"line":148,"column":9}},"46":{"start":{"line":147,"column":10},"end":{"line":147,"column":46}},"47":{"start":{"line":151,"column":8},"end":{"line":155,"column":11}},"48":{"start":{"line":152,"column":10},"end":{"line":154,"column":11}},"49":{"start":{"line":153,"column":12},"end":{"line":153,"column":48}},"50":{"start":{"line":159,"column":28},"end":{"line":161,"column":39}},"51":{"start":{"line":160,"column":27},"end":{"line":160,"column":63}},"52":{"start":{"line":161,"column":24},"end":{"line":161,"column":38}},"53":{"start":{"line":163,"column":4},"end":{"line":167,"column":6}},"54":{"start":{"line":176,"column":21},"end":{"line":176,"column":66}},"55":{"start":{"line":177,"column":4},"end":{"line":179,"column":5}},"56":{"start":{"line":178,"column":6},"end":{"line":178,"column":83}},"57":{"start":{"line":181,"column":23},"end":{"line":181,"column":56}},"58":{"start":{"line":182,"column":4},"end":{"line":188,"column":5}},"59":{"start":{"line":183,"column":6},"end":{"line":187,"column":8}},"60":{"start":{"line":190,"column":4},"end":{"line":190,"column":38}},"61":{"start":{"line":191,"column":4},"end":{"line":191,"column":27}},"62":{"start":{"line":193,"column":4},"end":{"line":196,"column":6}},"63":{"start":{"line":201,"column":53},"end":{"line":205,"column":6}},"64":{"start":{"line":207,"column":4},"end":{"line":207,"column":60}},"65":{"start":{"line":214,"column":4},"end":{"line":214,"column":40}},"66":{"start":{"line":215,"column":4},"end":{"line":215,"column":27}},"67":{"start":{"line":221,"column":20},"end":{"line":221,"column":45}},"68":{"start":{"line":222,"column":4},"end":{"line":222,"column":95}},"69":{"start":{"line":232,"column":22},"end":{"line":233,"column":null}},"70":{"start":{"line":233,"column":6},"end":{"line":233,"column":34}},"71":{"start":{"line":236,"column":24},"end":{"line":241,"column":9}},"72":{"start":{"line":237,"column":26},"end":{"line":237,"column":62}},"73":{"start":{"line":238,"column":32},"end":{"line":241,"column":8}},"74":{"start":{"line":243,"column":4},"end":{"line":246,"column":6}}},"fnMap":{"0":{"name":"(anonymous_0)","decl":{"start":{"line":34,"column":2},"end":{"line":34,"column":14}},"loc":{"start":{"line":34,"column":33},"end":{"line":37,"column":3}}},"1":{"name":"(anonymous_1)","decl":{"start":{"line":39,"column":10},"end":{"line":39,"column":19}},"loc":{"start":{"line":39,"column":19},"end":{"line":69,"column":3}}},"2":{"name":"(anonymous_2)","decl":{"start":{"line":71,"column":10},"end":{"line":71,"column":15}},"loc":{"start":{"line":71,"column":25},"end":{"line":85,"column":3}}},"3":{"name":"(anonymous_3)","decl":{"start":{"line":87,"column":9},"end":{"line":87,"column":24}},"loc":{"start":{"line":87,"column":24},"end":{"line":89,"column":3}}},"4":{"name":"(anonymous_4)","decl":{"start":{"line":91,"column":9},"end":{"line":91,"column":26}},"loc":{"start":{"line":91,"column":64},"end":{"line":96,"column":3}}},"5":{"name":"(anonymous_5)","decl":{"start":{"line":92,"column":47},"end":{"line":92,"column":48}},"loc":{"start":{"line":93,"column":6},"end":{"line":93,"column":42}}},"6":{"name":"(anonymous_6)","decl":{"start":{"line":98,"column":9},"end":{"line":98,"column":14}},"loc":{"start":{"line":98,"column":56},"end":{"line":101,"column":3}}},"7":{"name":"(anonymous_7)","decl":{"start":{"line":103,"column":9},"end":{"line":103,"column":20}},"loc":{"start":{"line":103,"column":33},"end":{"line":105,"column":3}}},"8":{"name":"(anonymous_8)","decl":{"start":{"line":107,"column":9},"end":{"line":107,"column":14}},"loc":{"start":{"line":107,"column":69},"end":{"line":113,"column":3}}},"9":{"name":"(anonymous_9)","decl":{"start":{"line":115,"column":9},"end":{"line":115,"column":28}},"loc":{"start":{"line":115,"column":45},"end":{"line":121,"column":3}}},"10":{"name":"(anonymous_10)","decl":{"start":{"line":123,"column":9},"end":{"line":123,"column":14}},"loc":{"start":{"line":123,"column":44},"end":{"line":168,"column":3}}},"11":{"name":"(anonymous_11)","decl":{"start":{"line":145,"column":45},"end":{"line":145,"column":46}},"loc":{"start":{"line":145,"column":50},"end":{"line":145,"column":91}}},"12":{"name":"(anonymous_12)","decl":{"start":{"line":151,"column":30},"end":{"line":151,"column":39}},"loc":{"start":{"line":151,"column":42},"end":{"line":155,"column":9}}},"13":{"name":"(anonymous_13)","decl":{"start":{"line":160,"column":14},"end":{"line":160,"column":23}},"loc":{"start":{"line":160,"column":27},"end":{"line":160,"column":63}}},"14":{"name":"(anonymous_14)","decl":{"start":{"line":161,"column":11},"end":{"line":161,"column":20}},"loc":{"start":{"line":161,"column":24},"end":{"line":161,"column":38}}},"15":{"name":"(anonymous_15)","decl":{"start":{"line":170,"column":9},"end":{"line":170,"column":14}},"loc":{"start":{"line":170,"column":92},"end":{"line":197,"column":3}}},"16":{"name":"(anonymous_16)","decl":{"start":{"line":199,"column":10},"end":{"line":199,"column":30}},"loc":{"start":{"line":199,"column":85},"end":{"line":208,"column":3}}},"17":{"name":"(anonymous_17)","decl":{"start":{"line":210,"column":9},"end":{"line":210,"column":14}},"loc":{"start":{"line":212,"column":75},"end":{"line":216,"column":3}}},"18":{"name":"(anonymous_18)","decl":{"start":{"line":218,"column":9},"end":{"line":218,"column":19}},"loc":{"start":{"line":219,"column":12},"end":{"line":223,"column":3}}},"19":{"name":"(anonymous_19)","decl":{"start":{"line":225,"column":9},"end":{"line":225,"column":24}},"loc":{"start":{"line":225,"column":48},"end":{"line":247,"column":3}}},"20":{"name":"(anonymous_20)","decl":{"start":{"line":232,"column":63},"end":{"line":232,"column":67}},"loc":{"start":{"line":233,"column":6},"end":{"line":233,"column":34}}},"21":{"name":"(anonymous_21)","decl":{"start":{"line":237,"column":14},"end":{"line":237,"column":15}},"loc":{"start":{"line":237,"column":26},"end":{"line":237,"column":62}}},"22":{"name":"(anonymous_22)","decl":{"start":{"line":238,"column":11},"end":{"line":238,"column":12}},"loc":{"start":{"line":238,"column":32},"end":{"line":241,"column":8}}}},"branchMap":{"0":{"loc":{"start":{"line":43,"column":6},"end":{"line":45,"column":7}},"type":"if","locations":[{"start":{"line":43,"column":6},"end":{"line":45,"column":7}}]},"1":{"loc":{"start":{"line":48,"column":6},"end":{"line":51,"column":7}},"type":"if","locations":[{"start":{"line":48,"column":6},"end":{"line":51,"column":7}}]},"2":{"loc":{"start":{"line":93,"column":6},"end":{"line":93,"column":42}},"type":"binary-expr","locations":[{"start":{"line":93,"column":6},"end":{"line":93,"column":23}},{"start":{"line":93,"column":27},"end":{"line":93,"column":42}}]},"3":{"loc":{"start":{"line":95,"column":11},"end":{"line":95,"column":34}},"type":"binary-expr","locations":[{"start":{"line":95,"column":11},"end":{"line":95,"column":26}},{"start":{"line":95,"column":30},"end":{"line":95,"column":34}}]},"4":{"loc":{"start":{"line":104,"column":11},"end":{"line":104,"column":45}},"type":"binary-expr","locations":[{"start":{"line":104,"column":11},"end":{"line":104,"column":37}},{"start":{"line":104,"column":41},"end":{"line":104,"column":45}}]},"5":{"loc":{"start":{"line":108,"column":4},"end":{"line":110,"column":5}},"type":"if","locations":[{"start":{"line":108,"column":4},"end":{"line":110,"column":5}}]},"6":{"loc":{"start":{"line":117,"column":4},"end":{"line":119,"column":5}},"type":"if","locations":[{"start":{"line":117,"column":4},"end":{"line":119,"column":5}}]},"7":{"loc":{"start":{"line":117,"column":8},"end":{"line":117,"column":48}},"type":"binary-expr","locations":[{"start":{"line":117,"column":8},"end":{"line":117,"column":20}},{"start":{"line":117,"column":24},"end":{"line":117,"column":48}}]},"8":{"loc":{"start":{"line":129,"column":4},"end":{"line":131,"column":5}},"type":"if","locations":[{"start":{"line":129,"column":4},"end":{"line":131,"column":5}}]},"9":{"loc":{"start":{"line":133,"column":24},"end":{"line":133,"column":61}},"type":"binary-expr","locations":[{"start":{"line":133,"column":24},"end":{"line":133,"column":55}},{"start":{"line":133,"column":59},"end":{"line":133,"column":61}}]},"10":{"loc":{"start":{"line":137,"column":19},"end":{"line":137,"column":61}},"type":"cond-expr","locations":[{"start":{"line":137,"column":38},"end":{"line":137,"column":56}},{"start":{"line":137,"column":59},"end":{"line":137,"column":61}}]},"11":{"loc":{"start":{"line":142,"column":4},"end":{"line":157,"column":5}},"type":"if","locations":[{"start":{"line":142,"column":4},"end":{"line":157,"column":5}}]},"12":{"loc":{"start":{"line":143,"column":6},"end":{"line":156,"column":7}},"type":"if","locations":[{"start":{"line":143,"column":6},"end":{"line":156,"column":7}},{"start":{"line":149,"column":13},"end":{"line":156,"column":7}}]},"13":{"loc":{"start":{"line":146,"column":8},"end":{"line":148,"column":9}},"type":"if","locations":[{"start":{"line":146,"column":8},"end":{"line":148,"column":9}}]},"14":{"loc":{"start":{"line":146,"column":12},"end":{"line":146,"column":70}},"type":"binary-expr","locations":[{"start":{"line":146,"column":12},"end":{"line":146,"column":21}},{"start":{"line":146,"column":25},"end":{"line":146,"column":70}}]},"15":{"loc":{"start":{"line":152,"column":10},"end":{"line":154,"column":11}},"type":"if","locations":[{"start":{"line":152,"column":10},"end":{"line":154,"column":11}}]},"16":{"loc":{"start":{"line":177,"column":4},"end":{"line":179,"column":5}},"type":"if","locations":[{"start":{"line":177,"column":4},"end":{"line":179,"column":5}}]},"17":{"loc":{"start":{"line":182,"column":4},"end":{"line":188,"column":5}},"type":"if","locations":[{"start":{"line":182,"column":4},"end":{"line":188,"column":5}}]},"18":{"loc":{"start":{"line":207,"column":11},"end":{"line":207,"column":59}},"type":"binary-expr","locations":[{"start":{"line":207,"column":11},"end":{"line":207,"column":51}},{"start":{"line":207,"column":55},"end":{"line":207,"column":59}}]},"19":{"loc":{"start":{"line":222,"column":12},"end":{"line":222,"column":94}},"type":"binary-expr","locations":[{"start":{"line":222,"column":12},"end":{"line":222,"column":86}},{"start":{"line":222,"column":90},"end":{"line":222,"column":94}}]}},"s":{"0":32,"1":32,"2":32,"3":32,"4":32,"5":0,"6":32,"7":1,"8":1,"9":31,"10":0,"11":0,"12":10,"13":10,"14":10,"15":10,"16":0,"17":0,"18":5,"19":4,"20":25,"21":4,"22":3,"23":3,"24":3,"25":4,"26":4,"27":4,"28":4,"29":2,"30":2,"31":1,"32":1,"33":3,"34":3,"35":0,"36":3,"37":3,"38":3,"39":3,"40":3,"41":3,"42":2,"43":0,"44":0,"45":0,"46":0,"47":2,"48":6,"49":3,"50":3,"51":9,"52":6,"53":3,"54":3,"55":3,"56":1,"57":2,"58":2,"59":1,"60":1,"61":1,"62":1,"63":3,"64":3,"65":2,"66":2,"67":6,"68":6,"69":1,"70":1,"71":1,"72":1,"73":1,"74":1},"f":{"0":32,"1":32,"2":10,"3":5,"4":4,"5":25,"6":3,"7":3,"8":4,"9":2,"10":3,"11":0,"12":6,"13":9,"14":6,"15":3,"16":3,"17":2,"18":6,"19":1,"20":1,"21":1,"22":1},"b":{"0":[0],"1":[1],"2":[25,8],"3":[4,1],"4":[3,1],"5":[4],"6":[1],"7":[2,1],"8":[0],"9":[3,1],"10":[2,1],"11":[2],"12":[0,2],"13":[0],"14":[0,0],"15":[3],"16":[1],"17":[1],"18":[3,1],"19":[6,4]}}
,"/home/atomik/src/insight/src/lib/types.ts": {"path":"/home/atomik/src/insight/src/lib/types.ts","statementMap":{"0":{"start":{"line":1,"column":0},"end":{"line":1,"column":null}},"1":{"start":{"line":2,"column":2},"end":{"line":2,"column":null}},"2":{"start":{"line":3,"column":2},"end":{"line":3,"column":null}},"3":{"start":{"line":4,"column":2},"end":{"line":4,"column":null}},"4":{"start":{"line":5,"column":2},"end":{"line":5,"column":null}},"5":{"start":{"line":6,"column":2},"end":{"line":6,"column":null}},"6":{"start":{"line":7,"column":2},"end":{"line":7,"column":null}},"7":{"start":{"line":8,"column":2},"end":{"line":8,"column":null}},"8":{"start":{"line":9,"column":2},"end":{"line":9,"column":null}},"9":{"start":{"line":152,"column":50},"end":{"line":349,"column":2}},"10":{"start":{"line":362,"column":61},"end":{"line":412,"column":2}}},"fnMap":{"0":{"name":"(anonymous_0)","decl":{"start":{"line":1,"column":0},"end":{"line":1,"column":6}},"loc":{"start":{"line":1,"column":28},"end":{"line":10,"column":1}}}},"branchMap":{"0":{"loc":{"start":{"line":1,"column":12},"end":{"line":1,"column":null}},"type":"binary-expr","locations":[{"start":{"line":1,"column":12},"end":{"line":1,"column":28}},{"start":{"line":1,"column":12},"end":{"line":1,"column":null}}]}},"s":{"0":2,"1":2,"2":2,"3":2,"4":2,"5":2,"6":2,"7":2,"8":2,"9":2,"10":2},"f":{"0":2},"b":{"0":[2,2]}}
}
