{"/home/atomik/src/insight/src/index.ts": {"path":"/home/atomik/src/insight/src/index.ts","statementMap":{"0":{"start":{"line":21,"column":4},"end":{"line":21,"column":65}},"1":{"start":{"line":22,"column":4},"end":{"line":24,"column":6}},"2":{"start":{"line":26,"column":4},"end":{"line":36,"column":6}},"3":{"start":{"line":38,"column":4},"end":{"line":38,"column":29}},"4":{"start":{"line":41,"column":4},"end":{"line":41,"column":73}},"5":{"start":{"line":41,"column":37},"end":{"line":41,"column":72}},"6":{"start":{"line":42,"column":4},"end":{"line":45,"column":7}},"7":{"start":{"line":43,"column":6},"end":{"line":43,"column":32}},"8":{"start":{"line":44,"column":6},"end":{"line":44,"column":22}},"9":{"start":{"line":49,"column":4},"end":{"line":49,"column":23}},"10":{"start":{"line":53,"column":4},"end":{"line":53,"column":30}},"11":{"start":{"line":57,"column":4},"end":{"line":218,"column":8}},"12":{"start":{"line":57,"column":71},"end":{"line":218,"column":6}},"13":{"start":{"line":220,"column":4},"end":{"line":258,"column":7}},"14":{"start":{"line":221,"column":6},"end":{"line":257,"column":7}},"15":{"start":{"line":223,"column":10},"end":{"line":223,"column":48}},"16":{"start":{"line":225,"column":10},"end":{"line":225,"column":44}},"17":{"start":{"line":227,"column":10},"end":{"line":227,"column":51}},"18":{"start":{"line":229,"column":10},"end":{"line":229,"column":49}},"19":{"start":{"line":231,"column":10},"end":{"line":231,"column":45}},"20":{"start":{"line":233,"column":10},"end":{"line":233,"column":47}},"21":{"start":{"line":235,"column":10},"end":{"line":235,"column":45}},"22":{"start":{"line":237,"column":10},"end":{"line":237,"column":49}},"23":{"start":{"line":239,"column":10},"end":{"line":239,"column":63}},"24":{"start":{"line":241,"column":10},"end":{"line":241,"column":52}},"25":{"start":{"line":243,"column":10},"end":{"line":243,"column":56}},"26":{"start":{"line":245,"column":10},"end":{"line":245,"column":59}},"27":{"start":{"line":247,"column":10},"end":{"line":247,"column":48}},"28":{"start":{"line":249,"column":10},"end":{"line":249,"column":52}},"29":{"start":{"line":251,"column":10},"end":{"line":251,"column":70}},"30":{"start":{"line":253,"column":10},"end":{"line":256,"column":12}},"31":{"start":{"line":262,"column":19},"end":{"line":264,"column":null}},"32":{"start":{"line":266,"column":4},"end":{"line":271,"column":5}},"33":{"start":{"line":267,"column":6},"end":{"line":270,"column":8}},"34":{"start":{"line":273,"column":20},"end":{"line":273,"column":100}},"35":{"start":{"line":275,"column":4},"end":{"line":286,"column":6}},"36":{"start":{"line":290,"column":20},"end":{"line":290,"column":100}},"37":{"start":{"line":291,"column":4},"end":{"line":296,"column":5}},"38":{"start":{"line":292,"column":6},"end":{"line":295,"column":8}},"39":{"start":{"line":298,"column":22},"end":{"line":298,"column":80}},"40":{"start":{"line":299,"column":4},"end":{"line":299,"column":65}},"41":{"start":{"line":301,"column":18},"end":{"line":301,"column":52}},"42":{"start":{"line":302,"column":4},"end":{"line":302,"column":58}},"43":{"start":{"line":304,"column":4},"end":{"line":314,"column":6}},"44":{"start":{"line":318,"column":20},"end":{"line":318,"column":100}},"45":{"start":{"line":319,"column":4},"end":{"line":324,"column":5}},"46":{"start":{"line":320,"column":6},"end":{"line":323,"column":8}},"47":{"start":{"line":326,"column":19},"end":{"line":328,"column":null}},"48":{"start":{"line":330,"column":4},"end":{"line":335,"column":5}},"49":{"start":{"line":331,"column":6},"end":{"line":334,"column":8}},"50":{"start":{"line":337,"column":29},"end":{"line":341,"column":null}},"51":{"start":{"line":343,"column":4},"end":{"line":343,"column":72}},"52":{"start":{"line":345,"column":4},"end":{"line":357,"column":6}},"53":{"start":{"line":361,"column":19},"end":{"line":363,"column":null}},"54":{"start":{"line":365,"column":4},"end":{"line":370,"column":5}},"55":{"start":{"line":366,"column":6},"end":{"line":369,"column":8}},"56":{"start":{"line":372,"column":20},"end":{"line":372,"column":110}},"57":{"start":{"line":374,"column":4},"end":{"line":385,"column":6}},"58":{"start":{"line":389,"column":20},"end":{"line":389,"column":110}},"59":{"start":{"line":390,"column":4},"end":{"line":395,"column":5}},"60":{"start":{"line":391,"column":6},"end":{"line":394,"column":8}},"61":{"start":{"line":397,"column":19},"end":{"line":399,"column":null}},"62":{"start":{"line":401,"column":4},"end":{"line":406,"column":5}},"63":{"start":{"line":402,"column":6},"end":{"line":405,"column":8}},"64":{"start":{"line":408,"column":23},"end":{"line":412,"column":null}},"65":{"start":{"line":414,"column":4},"end":{"line":414,"column":66}},"66":{"start":{"line":416,"column":4},"end":{"line":428,"column":6}},"67":{"start":{"line":432,"column":19},"end":{"line":434,"column":null}},"68":{"start":{"line":436,"column":4},"end":{"line":441,"column":5}},"69":{"start":{"line":437,"column":6},"end":{"line":440,"column":8}},"70":{"start":{"line":443,"column":20},"end":{"line":443,"column":98}},"71":{"start":{"line":445,"column":4},"end":{"line":456,"column":6}},"72":{"start":{"line":460,"column":26},"end":{"line":460,"column":104}},"73":{"start":{"line":461,"column":4},"end":{"line":466,"column":5}},"74":{"start":{"line":462,"column":6},"end":{"line":465,"column":8}},"75":{"start":{"line":468,"column":19},"end":{"line":470,"column":null}},"76":{"start":{"line":472,"column":4},"end":{"line":477,"column":5}},"77":{"start":{"line":473,"column":6},"end":{"line":476,"column":8}},"78":{"start":{"line":479,"column":27},"end":{"line":483,"column":null}},"79":{"start":{"line":485,"column":4},"end":{"line":485,"column":70}},"80":{"start":{"line":487,"column":4},"end":{"line":499,"column":6}},"81":{"start":{"line":503,"column":19},"end":{"line":505,"column":null}},"82":{"start":{"line":507,"column":4},"end":{"line":512,"column":5}},"83":{"start":{"line":508,"column":6},"end":{"line":511,"column":8}},"84":{"start":{"line":514,"column":20},"end":{"line":514,"column":114}},"85":{"start":{"line":516,"column":4},"end":{"line":527,"column":6}},"86":{"start":{"line":531,"column":24},"end":{"line":531,"column":118}},"87":{"start":{"line":532,"column":4},"end":{"line":537,"column":5}},"88":{"start":{"line":533,"column":6},"end":{"line":536,"column":8}},"89":{"start":{"line":539,"column":19},"end":{"line":541,"column":null}},"90":{"start":{"line":543,"column":4},"end":{"line":548,"column":5}},"91":{"start":{"line":544,"column":6},"end":{"line":547,"column":8}},"92":{"start":{"line":551,"column":27},"end":{"line":552,"column":null}},"93":{"start":{"line":552,"column":14},"end":{"line":552,"column":49}},"94":{"start":{"line":554,"column":4},"end":{"line":559,"column":5}},"95":{"start":{"line":555,"column":6},"end":{"line":558,"column":8}},"96":{"start":{"line":561,"column":25},"end":{"line":564,"column":null}},"97":{"start":{"line":566,"column":4},"end":{"line":566,"column":68}},"98":{"start":{"line":568,"column":4},"end":{"line":583,"column":6}},"99":{"start":{"line":587,"column":4},"end":{"line":608,"column":2}},"100":{"start":{"line":596,"column":53},"end":{"line":596,"column":61}},"101":{"start":{"line":599,"column":49},"end":{"line":599,"column":57}},"102":{"start":{"line":605,"column":6},"end":{"line":605,"column":65}},"103":{"start":{"line":612,"column":26},"end":{"line":612,"column":104}},"104":{"start":{"line":613,"column":4},"end":{"line":618,"column":5}},"105":{"start":{"line":614,"column":6},"end":{"line":617,"column":8}},"106":{"start":{"line":620,"column":19},"end":{"line":622,"column":null}},"107":{"start":{"line":624,"column":4},"end":{"line":629,"column":5}},"108":{"start":{"line":625,"column":6},"end":{"line":628,"column":8}},"109":{"start":{"line":631,"column":27},"end":{"line":636,"column":null}},"110":{"start":{"line":638,"column":4},"end":{"line":638,"column":70}},"111":{"start":{"line":640,"column":4},"end":{"line":652,"column":6}},"112":{"start":{"line":656,"column":19},"end":{"line":658,"column":null}},"113":{"start":{"line":660,"column":4},"end":{"line":665,"column":5}},"114":{"start":{"line":661,"column":6},"end":{"line":664,"column":8}},"115":{"start":{"line":667,"column":20},"end":{"line":667,"column":128}},"116":{"start":{"line":669,"column":4},"end":{"line":680,"column":6}},"117":{"start":{"line":684,"column":26},"end":{"line":684,"column":104}},"118":{"start":{"line":685,"column":4},"end":{"line":690,"column":5}},"119":{"start":{"line":686,"column":6},"end":{"line":689,"column":8}},"120":{"start":{"line":692,"column":19},"end":{"line":694,"column":null}},"121":{"start":{"line":696,"column":4},"end":{"line":701,"column":5}},"122":{"start":{"line":697,"column":6},"end":{"line":700,"column":8}},"123":{"start":{"line":704,"column":34},"end":{"line":707,"column":6}},"124":{"start":{"line":709,"column":20},"end":{"line":709,"column":91}},"125":{"start":{"line":709,"column":63},"end":{"line":709,"column":90}},"126":{"start":{"line":710,"column":4},"end":{"line":719,"column":5}},"127":{"start":{"line":711,"column":6},"end":{"line":715,"column":8}},"128":{"start":{"line":716,"column":6},"end":{"line":716,"column":55}},"129":{"start":{"line":718,"column":6},"end":{"line":718,"column":39}},"130":{"start":{"line":722,"column":4},"end":{"line":728,"column":5}},"131":{"start":{"line":723,"column":6},"end":{"line":723,"column":48}},"132":{"start":{"line":724,"column":6},"end":{"line":727,"column":9}},"133":{"start":{"line":731,"column":26},"end":{"line":735,"column":null}},"134":{"start":{"line":737,"column":4},"end":{"line":737,"column":69}},"135":{"start":{"line":740,"column":29},"end":{"line":740,"column":69}},"136":{"start":{"line":741,"column":4},"end":{"line":741,"column":73}},"137":{"start":{"line":743,"column":4},"end":{"line":758,"column":6}},"138":{"start":{"line":762,"column":4},"end":{"line":772,"column":2}},"139":{"start":{"line":767,"column":47},"end":{"line":771,"column":2}},"140":{"start":{"line":776,"column":26},"end":{"line":776,"column":104}},"141":{"start":{"line":777,"column":4},"end":{"line":782,"column":5}},"142":{"start":{"line":778,"column":6},"end":{"line":781,"column":8}},"143":{"start":{"line":784,"column":19},"end":{"line":786,"column":null}},"144":{"start":{"line":788,"column":4},"end":{"line":793,"column":5}},"145":{"start":{"line":789,"column":6},"end":{"line":792,"column":8}},"146":{"start":{"line":795,"column":34},"end":{"line":800,"column":null}},"147":{"start":{"line":802,"column":4},"end":{"line":802,"column":77}},"148":{"start":{"line":804,"column":4},"end":{"line":816,"column":6}},"149":{"start":{"line":820,"column":19},"end":{"line":822,"column":null}},"150":{"start":{"line":824,"column":4},"end":{"line":829,"column":5}},"151":{"start":{"line":825,"column":6},"end":{"line":828,"column":8}},"152":{"start":{"line":831,"column":20},"end":{"line":831,"column":108}},"153":{"start":{"line":833,"column":4},"end":{"line":844,"column":6}},"154":{"start":{"line":848,"column":31},"end":{"line":848,"column":119}},"155":{"start":{"line":849,"column":4},"end":{"line":854,"column":5}},"156":{"start":{"line":850,"column":6},"end":{"line":853,"column":8}},"157":{"start":{"line":856,"column":19},"end":{"line":858,"column":null}},"158":{"start":{"line":860,"column":4},"end":{"line":865,"column":5}},"159":{"start":{"line":861,"column":6},"end":{"line":864,"column":8}},"160":{"start":{"line":867,"column":25},"end":{"line":871,"column":null}},"161":{"start":{"line":873,"column":4},"end":{"line":873,"column":68}},"162":{"start":{"line":875,"column":4},"end":{"line":890,"column":6}},"163":{"start":{"line":894,"column":22},"end":{"line":894,"column":48}},"164":{"start":{"line":895,"column":4},"end":{"line":895,"column":41}},"165":{"start":{"line":896,"column":4},"end":{"line":896,"column":57}},"166":{"start":{"line":900,"column":15},"end":{"line":900,"column":34}},"167":{"start":{"line":901,"column":0},"end":{"line":901,"column":34}}},"fnMap":{"0":{"name":"(anonymous_0)","decl":{"start":{"line":20,"column":2},"end":{"line":20,"column":null}},"loc":{"start":{"line":20,"column":2},"end":{"line":46,"column":3}}},"1":{"name":"(anonymous_1)","decl":{"start":{"line":41,"column":26},"end":{"line":41,"column":27}},"loc":{"start":{"line":41,"column":37},"end":{"line":41,"column":72}}},"2":{"name":"(anonymous_2)","decl":{"start":{"line":42,"column":25},"end":{"line":42,"column":30}},"loc":{"start":{"line":42,"column":36},"end":{"line":45,"column":5}}},"3":{"name":"(anonymous_3)","decl":{"start":{"line":48,"column":9},"end":{"line":48,"column":18}},"loc":{"start":{"line":48,"column":18},"end":{"line":50,"column":3}}},"4":{"name":"(anonymous_4)","decl":{"start":{"line":52,"column":9},"end":{"line":52,"column":14}},"loc":{"start":{"line":52,"column":20},"end":{"line":54,"column":3}}},"5":{"name":"(anonymous_5)","decl":{"start":{"line":56,"column":10},"end":{"line":56,"column":27}},"loc":{"start":{"line":56,"column":27},"end":{"line":259,"column":3}}},"6":{"name":"(anonymous_6)","decl":{"start":{"line":57,"column":58},"end":{"line":57,"column":63}},"loc":{"start":{"line":57,"column":71},"end":{"line":218,"column":6}}},"7":{"name":"(anonymous_7)","decl":{"start":{"line":220,"column":57},"end":{"line":220,"column":62}},"loc":{"start":{"line":220,"column":75},"end":{"line":258,"column":5}}},"8":{"name":"(anonymous_8)","decl":{"start":{"line":261,"column":10},"end":{"line":261,"column":15}},"loc":{"start":{"line":261,"column":39},"end":{"line":287,"column":3}}},"9":{"name":"(anonymous_9)","decl":{"start":{"line":289,"column":10},"end":{"line":289,"column":15}},"loc":{"start":{"line":289,"column":35},"end":{"line":315,"column":3}}},"10":{"name":"(anonymous_10)","decl":{"start":{"line":317,"column":10},"end":{"line":317,"column":15}},"loc":{"start":{"line":317,"column":42},"end":{"line":358,"column":3}}},"11":{"name":"(anonymous_11)","decl":{"start":{"line":360,"column":10},"end":{"line":360,"column":15}},"loc":{"start":{"line":360,"column":40},"end":{"line":386,"column":3}}},"12":{"name":"(anonymous_12)","decl":{"start":{"line":388,"column":10},"end":{"line":388,"column":15}},"loc":{"start":{"line":388,"column":36},"end":{"line":429,"column":3}}},"13":{"name":"(anonymous_13)","decl":{"start":{"line":431,"column":10},"end":{"line":431,"column":15}},"loc":{"start":{"line":431,"column":38},"end":{"line":457,"column":3}}},"14":{"name":"(anonymous_14)","decl":{"start":{"line":459,"column":10},"end":{"line":459,"column":15}},"loc":{"start":{"line":459,"column":36},"end":{"line":500,"column":3}}},"15":{"name":"(anonymous_15)","decl":{"start":{"line":502,"column":10},"end":{"line":502,"column":15}},"loc":{"start":{"line":502,"column":40},"end":{"line":528,"column":3}}},"16":{"name":"(anonymous_16)","decl":{"start":{"line":530,"column":10},"end":{"line":530,"column":15}},"loc":{"start":{"line":530,"column":52},"end":{"line":584,"column":3}}},"17":{"name":"(anonymous_17)","decl":{"start":{"line":552,"column":6},"end":{"line":552,"column":10}},"loc":{"start":{"line":552,"column":14},"end":{"line":552,"column":49}}},"18":{"name":"(anonymous_18)","decl":{"start":{"line":586,"column":10},"end":{"line":586,"column":30}},"loc":{"start":{"line":586,"column":43},"end":{"line":609,"column":3}}},"19":{"name":"(anonymous_19)","decl":{"start":{"line":596,"column":38},"end":{"line":596,"column":39}},"loc":{"start":{"line":596,"column":53},"end":{"line":596,"column":61}}},"20":{"name":"(anonymous_20)","decl":{"start":{"line":599,"column":34},"end":{"line":599,"column":35}},"loc":{"start":{"line":599,"column":49},"end":{"line":599,"column":57}}},"21":{"name":"(anonymous_21)","decl":{"start":{"line":604,"column":4},"end":{"line":604,"column":5}},"loc":{"start":{"line":605,"column":6},"end":{"line":605,"column":65}}},"22":{"name":"(anonymous_22)","decl":{"start":{"line":611,"column":10},"end":{"line":611,"column":15}},"loc":{"start":{"line":611,"column":43},"end":{"line":653,"column":3}}},"23":{"name":"(anonymous_23)","decl":{"start":{"line":655,"column":10},"end":{"line":655,"column":15}},"loc":{"start":{"line":655,"column":47},"end":{"line":681,"column":3}}},"24":{"name":"(anonymous_24)","decl":{"start":{"line":683,"column":10},"end":{"line":683,"column":15}},"loc":{"start":{"line":683,"column":48},"end":{"line":759,"column":3}}},"25":{"name":"(anonymous_25)","decl":{"start":{"line":709,"column":58},"end":{"line":709,"column":59}},"loc":{"start":{"line":709,"column":63},"end":{"line":709,"column":90}}},"26":{"name":"(anonymous_26)","decl":{"start":{"line":761,"column":10},"end":{"line":761,"column":34}},"loc":{"start":{"line":761,"column":49},"end":{"line":773,"column":3}}},"27":{"name":"(anonymous_27)","decl":{"start":{"line":767,"column":31},"end":{"line":767,"column":32}},"loc":{"start":{"line":767,"column":47},"end":{"line":771,"column":2}}},"28":{"name":"(anonymous_28)","decl":{"start":{"line":775,"column":10},"end":{"line":775,"column":15}},"loc":{"start":{"line":775,"column":39},"end":{"line":817,"column":3}}},"29":{"name":"(anonymous_29)","decl":{"start":{"line":819,"column":10},"end":{"line":819,"column":15}},"loc":{"start":{"line":819,"column":43},"end":{"line":845,"column":3}}},"30":{"name":"(anonymous_30)","decl":{"start":{"line":847,"column":10},"end":{"line":847,"column":15}},"loc":{"start":{"line":847,"column":59},"end":{"line":891,"column":3}}},"31":{"name":"(anonymous_31)","decl":{"start":{"line":893,"column":9},"end":{"line":893,"column":14}},"loc":{"start":{"line":893,"column":18},"end":{"line":897,"column":3}}}},"branchMap":{"0":{"loc":{"start":{"line":21,"column":23},"end":{"line":21,"column":64}},"type":"binary-expr","locations":[{"start":{"line":21,"column":23},"end":{"line":21,"column":47}},{"start":{"line":21,"column":51},"end":{"line":21,"column":64}}]},"1":{"loc":{"start":{"line":221,"column":6},"end":{"line":257,"column":7}},"type":"switch","locations":[{"start":{"line":222,"column":8},"end":{"line":223,"column":48}},{"start":{"line":224,"column":8},"end":{"line":225,"column":44}},{"start":{"line":226,"column":8},"end":{"line":227,"column":51}},{"start":{"line":228,"column":8},"end":{"line":229,"column":49}},{"start":{"line":230,"column":8},"end":{"line":231,"column":45}},{"start":{"line":232,"column":8},"end":{"line":233,"column":47}},{"start":{"line":234,"column":8},"end":{"line":235,"column":45}},{"start":{"line":236,"column":8},"end":{"line":237,"column":49}},{"start":{"line":238,"column":8},"end":{"line":239,"column":63}},{"start":{"line":240,"column":8},"end":{"line":241,"column":52}},{"start":{"line":242,"column":8},"end":{"line":243,"column":56}},{"start":{"line":244,"column":8},"end":{"line":245,"column":59}},{"start":{"line":246,"column":8},"end":{"line":247,"column":48}},{"start":{"line":248,"column":8},"end":{"line":249,"column":52}},{"start":{"line":250,"column":8},"end":{"line":251,"column":70}},{"start":{"line":252,"column":8},"end":{"line":256,"column":12}}]},"2":{"loc":{"start":{"line":266,"column":4},"end":{"line":271,"column":5}},"type":"if","locations":[{"start":{"line":266,"column":4},"end":{"line":271,"column":5}}]},"3":{"loc":{"start":{"line":291,"column":4},"end":{"line":296,"column":5}},"type":"if","locations":[{"start":{"line":291,"column":4},"end":{"line":296,"column":5}}]},"4":{"loc":{"start":{"line":319,"column":4},"end":{"line":324,"column":5}},"type":"if","locations":[{"start":{"line":319,"column":4},"end":{"line":324,"column":5}}]},"5":{"loc":{"start":{"line":330,"column":4},"end":{"line":335,"column":5}},"type":"if","locations":[{"start":{"line":330,"column":4},"end":{"line":335,"column":5}}]},"6":{"loc":{"start":{"line":365,"column":4},"end":{"line":370,"column":5}},"type":"if","locations":[{"start":{"line":365,"column":4},"end":{"line":370,"column":5}}]},"7":{"loc":{"start":{"line":390,"column":4},"end":{"line":395,"column":5}},"type":"if","locations":[{"start":{"line":390,"column":4},"end":{"line":395,"column":5}}]},"8":{"loc":{"start":{"line":401,"column":4},"end":{"line":406,"column":5}},"type":"if","locations":[{"start":{"line":401,"column":4},"end":{"line":406,"column":5}}]},"9":{"loc":{"start":{"line":436,"column":4},"end":{"line":441,"column":5}},"type":"if","locations":[{"start":{"line":436,"column":4},"end":{"line":441,"column":5}}]},"10":{"loc":{"start":{"line":461,"column":4},"end":{"line":466,"column":5}},"type":"if","locations":[{"start":{"line":461,"column":4},"end":{"line":466,"column":5}}]},"11":{"loc":{"start":{"line":472,"column":4},"end":{"line":477,"column":5}},"type":"if","locations":[{"start":{"line":472,"column":4},"end":{"line":477,"column":5}}]},"12":{"loc":{"start":{"line":507,"column":4},"end":{"line":512,"column":5}},"type":"if","locations":[{"start":{"line":507,"column":4},"end":{"line":512,"column":5}}]},"13":{"loc":{"start":{"line":532,"column":4},"end":{"line":537,"column":5}},"type":"if","locations":[{"start":{"line":532,"column":4},"end":{"line":537,"column":5}}]},"14":{"loc":{"start":{"line":543,"column":4},"end":{"line":548,"column":5}},"type":"if","locations":[{"start":{"line":543,"column":4},"end":{"line":548,"column":5}}]},"15":{"loc":{"start":{"line":554,"column":4},"end":{"line":559,"column":5}},"type":"if","locations":[{"start":{"line":554,"column":4},"end":{"line":559,"column":5}}]},"16":{"loc":{"start":{"line":590,"column":2},"end":{"line":590,"column":35}},"type":"binary-expr","locations":[{"start":{"line":590,"column":2},"end":{"line":590,"column":26}},{"start":{"line":590,"column":30},"end":{"line":590,"column":35}}]},"17":{"loc":{"start":{"line":593,"column":2},"end":{"line":593,"column":35}},"type":"binary-expr","locations":[{"start":{"line":593,"column":2},"end":{"line":593,"column":26}},{"start":{"line":593,"column":30},"end":{"line":593,"column":35}}]},"18":{"loc":{"start":{"line":596,"column":3},"end":{"line":596,"column":32}},"type":"binary-expr","locations":[{"start":{"line":596,"column":3},"end":{"line":596,"column":26}},{"start":{"line":596,"column":30},"end":{"line":596,"column":32}}]},"19":{"loc":{"start":{"line":599,"column":3},"end":{"line":599,"column":28}},"type":"binary-expr","locations":[{"start":{"line":599,"column":3},"end":{"line":599,"column":22}},{"start":{"line":599,"column":26},"end":{"line":599,"column":28}}]},"20":{"loc":{"start":{"line":602,"column":3},"end":{"line":602,"column":26}},"type":"binary-expr","locations":[{"start":{"line":602,"column":3},"end":{"line":602,"column":20}},{"start":{"line":602,"column":24},"end":{"line":602,"column":26}}]},"21":{"loc":{"start":{"line":613,"column":4},"end":{"line":618,"column":5}},"type":"if","locations":[{"start":{"line":613,"column":4},"end":{"line":618,"column":5}}]},"22":{"loc":{"start":{"line":624,"column":4},"end":{"line":629,"column":5}},"type":"if","locations":[{"start":{"line":624,"column":4},"end":{"line":629,"column":5}}]},"23":{"loc":{"start":{"line":660,"column":4},"end":{"line":665,"column":5}},"type":"if","locations":[{"start":{"line":660,"column":4},"end":{"line":665,"column":5}}]},"24":{"loc":{"start":{"line":685,"column":4},"end":{"line":690,"column":5}},"type":"if","locations":[{"start":{"line":685,"column":4},"end":{"line":690,"column":5}}]},"25":{"loc":{"start":{"line":696,"column":4},"end":{"line":701,"column":5}},"type":"if","locations":[{"start":{"line":696,"column":4},"end":{"line":701,"column":5}}]},"26":{"loc":{"start":{"line":704,"column":34},"end":{"line":707,"column":6}},"type":"binary-expr","locations":[{"start":{"line":704,"column":34},"end":{"line":704,"column":128}},{"start":{"line":704,"column":132},"end":{"line":707,"column":6}}]},"27":{"loc":{"start":{"line":710,"column":4},"end":{"line":719,"column":5}},"type":"if","locations":[{"start":{"line":710,"column":4},"end":{"line":719,"column":5}},{"start":{"line":717,"column":11},"end":{"line":719,"column":5}}]},"28":{"loc":{"start":{"line":722,"column":4},"end":{"line":728,"column":5}},"type":"if","locations":[{"start":{"line":722,"column":4},"end":{"line":728,"column":5}}]},"29":{"loc":{"start":{"line":723,"column":25},"end":{"line":723,"column":47}},"type":"binary-expr","locations":[{"start":{"line":723,"column":25},"end":{"line":723,"column":41}},{"start":{"line":723,"column":45},"end":{"line":723,"column":47}}]},"30":{"loc":{"start":{"line":767,"column":3},"end":{"line":767,"column":25}},"type":"binary-expr","locations":[{"start":{"line":767,"column":3},"end":{"line":767,"column":19}},{"start":{"line":767,"column":23},"end":{"line":767,"column":25}}]},"31":{"loc":{"start":{"line":777,"column":4},"end":{"line":782,"column":5}},"type":"if","locations":[{"start":{"line":777,"column":4},"end":{"line":782,"column":5}}]},"32":{"loc":{"start":{"line":788,"column":4},"end":{"line":793,"column":5}},"type":"if","locations":[{"start":{"line":788,"column":4},"end":{"line":793,"column":5}}]},"33":{"loc":{"start":{"line":824,"column":4},"end":{"line":829,"column":5}},"type":"if","locations":[{"start":{"line":824,"column":4},"end":{"line":829,"column":5}}]},"34":{"loc":{"start":{"line":849,"column":4},"end":{"line":854,"column":5}},"type":"if","locations":[{"start":{"line":849,"column":4},"end":{"line":854,"column":5}}]},"35":{"loc":{"start":{"line":860,"column":4},"end":{"line":865,"column":5}},"type":"if","locations":[{"start":{"line":860,"column":4},"end":{"line":865,"column":5}}]}},"s":{"0":38,"1":38,"2":38,"3":38,"4":38,"5":0,"6":38,"7":24,"8":24,"9":5,"10":37,"11":38,"12":1,"13":38,"14":16,"15":1,"16":1,"17":1,"18":1,"19":1,"20":1,"21":1,"22":1,"23":1,"24":1,"25":1,"26":1,"27":1,"28":1,"29":1,"30":1,"31":2,"32":2,"33":1,"34":1,"35":1,"36":3,"37":3,"38":2,"39":1,"40":1,"41":1,"42":1,"43":1,"44":4,"45":4,"46":2,"47":2,"48":2,"49":1,"50":1,"51":1,"52":1,"53":4,"54":4,"55":1,"56":3,"57":3,"58":4,"59":4,"60":2,"61":2,"62":2,"63":1,"64":1,"65":1,"66":1,"67":3,"68":3,"69":0,"70":3,"71":3,"72":4,"73":4,"74":2,"75":2,"76":2,"77":1,"78":1,"79":1,"80":1,"81":2,"82":2,"83":0,"84":2,"85":2,"86":2,"87":2,"88":1,"89":1,"90":1,"91":0,"92":1,"93":1,"94":1,"95":0,"96":1,"97":1,"98":1,"99":3,"100":4,"101":1,"102":1,"103":1,"104":1,"105":1,"106":0,"107":0,"108":0,"109":0,"110":0,"111":0,"112":1,"113":1,"114":0,"115":1,"116":1,"117":4,"118":4,"119":2,"120":2,"121":2,"122":1,"123":1,"124":1,"125":0,"126":1,"127":1,"128":1,"129":0,"130":1,"131":1,"132":1,"133":1,"134":1,"135":1,"136":1,"137":1,"138":4,"139":2,"140":2,"141":2,"142":1,"143":1,"144":1,"145":0,"146":1,"147":1,"148":1,"149":2,"150":2,"151":0,"152":2,"153":2,"154":4,"155":4,"156":2,"157":2,"158":2,"159":1,"160":1,"161":1,"162":1,"163":1,"164":1,"165":1,"166":1,"167":1},"f":{"0":38,"1":0,"2":24,"3":5,"4":37,"5":38,"6":1,"7":16,"8":2,"9":3,"10":4,"11":4,"12":4,"13":3,"14":4,"15":2,"16":2,"17":1,"18":3,"19":4,"20":1,"21":1,"22":1,"23":1,"24":4,"25":0,"26":4,"27":2,"28":2,"29":2,"30":4,"31":1},"b":{"0":[38,38],"1":[1,1,1,1,1,1,1,1,1,1,1,1,1,1,1,1],"2":[1],"3":[2],"4":[2],"5":[1],"6":[1],"7":[2],"8":[1],"9":[0],"10":[2],"11":[1],"12":[0],"13":[1],"14":[0],"15":[0],"16":[3,1],"17":[3,1],"18":[3,0],"19":[3,2],"20":[3,2],"21":[1],"22":[0],"23":[0],"24":[2],"25":[1],"26":[1,0],"27":[1,0],"28":[1],"29":[1,0],"30":[4,1],"31":[1],"32":[0],"33":[0],"34":[2],"35":[1]}}
,"/home/atomik/src/insight/src/lib/phase-manager.ts": {"path":"/home/atomik/src/insight/src/lib/phase-manager.ts","statementMap":{"0":{"start":{"line":35,"column":4},"end":{"line":35,"column":35}},"1":{"start":{"line":36,"column":4},"end":{"line":36,"column":34}},"2":{"start":{"line":40,"column":4},"end":{"line":68,"column":5}},"3":{"start":{"line":42,"column":18},"end":{"line":42,"column":48}},"4":{"start":{"line":43,"column":6},"end":{"line":45,"column":7}},"5":{"start":{"line":44,"column":8},"end":{"line":44,"column":47}},"6":{"start":{"line":48,"column":6},"end":{"line":51,"column":7}},"7":{"start":{"line":49,"column":21},"end":{"line":49,"column":62}},"8":{"start":{"line":50,"column":8},"end":{"line":50,"column":48}},"9":{"start":{"line":54,"column":6},"end":{"line":59,"column":8}},"10":{"start":{"line":61,"column":6},"end":{"line":61,"column":52}},"11":{"start":{"line":62,"column":6},"end":{"line":67,"column":8}},"12":{"start":{"line":72,"column":4},"end":{"line":84,"column":5}},"13":{"start":{"line":73,"column":18},"end":{"line":73,"column":48}},"14":{"start":{"line":74,"column":6},"end":{"line":74,"column":56}},"15":{"start":{"line":76,"column":6},"end":{"line":80,"column":8}},"16":{"start":{"line":82,"column":6},"end":{"line":82,"column":52}},"17":{"start":{"line":83,"column":6},"end":{"line":83,"column":56}},"18":{"start":{"line":88,"column":4},"end":{"line":88,"column":35}},"19":{"start":{"line":92,"column":19},"end":{"line":93,"column":null}},"20":{"start":{"line":93,"column":6},"end":{"line":93,"column":42}},"21":{"start":{"line":95,"column":4},"end":{"line":95,"column":35}},"22":{"start":{"line":99,"column":4},"end":{"line":99,"column":41}},"23":{"start":{"line":100,"column":4},"end":{"line":100,"column":27}},"24":{"start":{"line":104,"column":4},"end":{"line":104,"column":46}},"25":{"start":{"line":108,"column":4},"end":{"line":110,"column":5}},"26":{"start":{"line":109,"column":6},"end":{"line":109,"column":43}},"27":{"start":{"line":111,"column":4},"end":{"line":111,"column":53}},"28":{"start":{"line":112,"column":4},"end":{"line":112,"column":27}},"29":{"start":{"line":116,"column":24},"end":{"line":116,"column":55}},"30":{"start":{"line":117,"column":4},"end":{"line":119,"column":5}},"31":{"start":{"line":118,"column":6},"end":{"line":118,"column":18}},"32":{"start":{"line":120,"column":4},"end":{"line":120,"column":47}},"33":{"start":{"line":128,"column":17},"end":{"line":128,"column":40}},"34":{"start":{"line":129,"column":4},"end":{"line":131,"column":5}},"35":{"start":{"line":130,"column":6},"end":{"line":130,"column":51}},"36":{"start":{"line":133,"column":24},"end":{"line":133,"column":61}},"37":{"start":{"line":134,"column":30},"end":{"line":134,"column":59}},"38":{"start":{"line":136,"column":29},"end":{"line":136,"column":64}},"39":{"start":{"line":137,"column":19},"end":{"line":137,"column":61}},"40":{"start":{"line":140,"column":28},"end":{"line":140,"column":45}},"41":{"start":{"line":142,"column":4},"end":{"line":157,"column":5}},"42":{"start":{"line":143,"column":6},"end":{"line":156,"column":7}},"43":{"start":{"line":145,"column":26},"end":{"line":145,"column":92}},"44":{"start":{"line":145,"column":50},"end":{"line":145,"column":91}},"45":{"start":{"line":146,"column":8},"end":{"line":148,"column":9}},"46":{"start":{"line":147,"column":10},"end":{"line":147,"column":46}},"47":{"start":{"line":151,"column":8},"end":{"line":155,"column":11}},"48":{"start":{"line":152,"column":10},"end":{"line":154,"column":11}},"49":{"start":{"line":153,"column":12},"end":{"line":153,"column":48}},"50":{"start":{"line":159,"column":28},"end":{"line":161,"column":39}},"51":{"start":{"line":160,"column":27},"end":{"line":160,"column":63}},"52":{"start":{"line":161,"column":24},"end":{"line":161,"column":38}},"53":{"start":{"line":163,"column":4},"end":{"line":167,"column":6}},"54":{"start":{"line":176,"column":21},"end":{"line":176,"column":66}},"55":{"start":{"line":177,"column":4},"end":{"line":179,"column":5}},"56":{"start":{"line":178,"column":6},"end":{"line":178,"column":83}},"57":{"start":{"line":181,"column":23},"end":{"line":181,"column":56}},"58":{"start":{"line":182,"column":4},"end":{"line":188,"column":5}},"59":{"start":{"line":183,"column":6},"end":{"line":187,"column":8}},"60":{"start":{"line":190,"column":4},"end":{"line":190,"column":38}},"61":{"start":{"line":191,"column":4},"end":{"line":191,"column":27}},"62":{"start":{"line":193,"column":4},"end":{"line":196,"column":6}},"63":{"start":{"line":201,"column":53},"end":{"line":205,"column":6}},"64":{"start":{"line":207,"column":4},"end":{"line":207,"column":60}},"65":{"start":{"line":214,"column":4},"end":{"line":214,"column":40}},"66":{"start":{"line":215,"column":4},"end":{"line":215,"column":27}},"67":{"start":{"line":221,"column":20},"end":{"line":221,"column":45}},"68":{"start":{"line":222,"column":4},"end":{"line":222,"column":95}},"69":{"start":{"line":232,"column":22},"end":{"line":233,"column":null}},"70":{"start":{"line":233,"column":6},"end":{"line":233,"column":34}},"71":{"start":{"line":236,"column":24},"end":{"line":241,"column":9}},"72":{"start":{"line":237,"column":26},"end":{"line":237,"column":62}},"73":{"start":{"line":238,"column":32},"end":{"line":241,"column":8}},"74":{"start":{"line":243,"column":4},"end":{"line":246,"column":6}}},"fnMap":{"0":{"name":"(anonymous_0)","decl":{"start":{"line":34,"column":2},"end":{"line":34,"column":14}},"loc":{"start":{"line":34,"column":33},"end":{"line":37,"column":3}}},"1":{"name":"(anonymous_1)","decl":{"start":{"line":39,"column":10},"end":{"line":39,"column":19}},"loc":{"start":{"line":39,"column":19},"end":{"line":69,"column":3}}},"2":{"name":"(anonymous_2)","decl":{"start":{"line":71,"column":10},"end":{"line":71,"column":15}},"loc":{"start":{"line":71,"column":25},"end":{"line":85,"column":3}}},"3":{"name":"(anonymous_3)","decl":{"start":{"line":87,"column":9},"end":{"line":87,"column":24}},"loc":{"start":{"line":87,"column":24},"end":{"line":89,"column":3}}},"4":{"name":"(anonymous_4)","decl":{"start":{"line":91,"column":9},"end":{"line":91,"column":26}},"loc":{"start":{"line":91,"column":64},"end":{"line":96,"column":3}}},"5":{"name":"(anonymous_5)","decl":{"start":{"line":92,"column":47},"end":{"line":92,"column":48}},"loc":{"start":{"line":93,"column":6},"end":{"line":93,"column":42}}},"6":{"name":"(anonymous_6)","decl":{"start":{"line":98,"column":9},"end":{"line":98,"column":14}},"loc":{"start":{"line":98,"column":56},"end":{"line":101,"column":3}}},"7":{"name":"(anonymous_7)","decl":{"start":{"line":103,"column":9},"end":{"line":103,"column":20}},"loc":{"start":{"line":103,"column":33},"end":{"line":105,"column":3}}},"8":{"name":"(anonymous_8)","decl":{"start":{"line":107,"column":9},"end":{"line":107,"column":14}},"loc":{"start":{"line":107,"column":69},"end":{"line":113,"column":3}}},"9":{"name":"(anonymous_9)","decl":{"start":{"line":115,"column":9},"end":{"line":115,"column":28}},"loc":{"start":{"line":115,"column":45},"end":{"line":121,"column":3}}},"10":{"name":"(anonymous_10)","decl":{"start":{"line":123,"column":9},"end":{"line":123,"column":14}},"loc":{"start":{"line":123,"column":44},"end":{"line":168,"column":3}}},"11":{"name":"(anonymous_11)","decl":{"start":{"line":145,"column":45},"end":{"line":145,"column":46}},"loc":{"start":{"line":145,"column":50},"end":{"line":145,"column":91}}},"12":{"name":"(anonymous_12)","decl":{"start":{"line":151,"column":30},"end":{"line":151,"column":39}},"loc":{"start":{"line":151,"column":42},"end":{"line":155,"column":9}}},"13":{"name":"(anonymous_13)","decl":{"start":{"line":160,"column":14},"end":{"line":160,"column":23}},"loc":{"start":{"line":160,"column":27},"end":{"line":160,"column":63}}},"14":{"name":"(anonymous_14)","decl":{"start":{"line":161,"column":11},"end":{"line":161,"column":20}},"loc":{"start":{"line":161,"column":24},"end":{"line":161,"column":38}}},"15":{"name":"(anonymous_15)","decl":{"start":{"line":170,"column":9},"end":{"line":170,"column":14}},"loc":{"start":{"line":170,"column":92},"end":{"line":197,"column":3}}},"16":{"name":"(anonymous_16)","decl":{"start":{"line":199,"column":10},"end":{"line":199,"column":30}},"loc":{"start":{"line":199,"column":85},"end":{"line":208,"column":3}}},"17":{"name":"(anonymous_17)","decl":{"start":{"line":210,"column":9},"end":{"line":210,"column":14}},"loc":{"start":{"line":212,"column":75},"end":{"line":216,"column":3}}},"18":{"name":"(anonymous_18)","decl":{"start":{"line":218,"column":9},"end":{"line":218,"column":19}},"loc":{"start":{"line":219,"column":12},"end":{"line":223,"column":3}}},"19":{"name":"(anonymous_19)","decl":{"start":{"line":225,"column":9},"end":{"line":225,"column":24}},"loc":{"start":{"line":225,"column":48},"end":{"line":247,"column":3}}},"20":{"name":"(anonymous_20)","decl":{"start":{"line":232,"column":63},"end":{"line":232,"column":67}},"loc":{"start":{"line":233,"column":6},"end":{"line":233,"column":34}}},"21":{"name":"(anonymous_21)","decl":{"start":{"line":237,"column":14},"end":{"line":237,"column":15}},"loc":{"start":{"line":237,"column":26},"end":{"line":237,"column":62}}},"22":{"name":"(anonymous_22)","decl":{"start":{"line":238,"column":11},"end":{"line":238,"column":12}},"loc":{"start":{"line":238,"column":32},"end":{"line":241,"column":8}}}},"branchMap":{"0":{"loc":{"start":{"line":43,"column":6},"end":{"line":45,"column":7}},"type":"if","locations":[{"start":{"line":43,"column":6},"end":{"line":45,"column":7}}]},"1":{"loc":{"start":{"line":48,"column":6},"end":{"line":51,"column":7}},"type":"if","locations":[{"start":{"line":48,"column":6},"end":{"line":51,"column":7}}]},"2":{"loc":{"start":{"line":93,"column":6},"end":{"line":93,"column":42}},"type":"binary-expr","locations":[{"start":{"line":93,"column":6},"end":{"line":93,"column":23}},{"start":{"line":93,"column":27},"end":{"line":93,"column":42}}]},"3":{"loc":{"start":{"line":95,"column":11},"end":{"line":95,"column":34}},"type":"binary-expr","locations":[{"start":{"line":95,"column":11},"end":{"line":95,"column":26}},{"start":{"line":95,"column":30},"end":{"line":95,"column":34}}]},"4":{"loc":{"start":{"line":104,"column":11},"end":{"line":104,"column":45}},"type":"binary-expr","locations":[{"start":{"line":104,"column":11},"end":{"line":104,"column":37}},{"start":{"line":104,"column":41},"end":{"line":104,"column":45}}]},"5":{"loc":{"start":{"line":108,"column":4},"end":{"line":110,"column":5}},"type":"if","locations":[{"start":{"line":108,"column":4},"end":{"line":110,"column":5}}]},"6":{"loc":{"start":{"line":117,"column":4},"end":{"line":119,"column":5}},"type":"if","locations":[{"start":{"line":117,"column":4},"end":{"line":119,"column":5}}]},"7":{"loc":{"start":{"line":117,"column":8},"end":{"line":117,"column":48}},"type":"binary-expr","locations":[{"start":{"line":117,"column":8},"end":{"line":117,"column":20}},{"start":{"line":117,"column":24},"end":{"line":117,"column":48}}]},"8":{"loc":{"start":{"line":129,"column":4},"end":{"line":131,"column":5}},"type":"if","locations":[{"start":{"line":129,"column":4},"end":{"line":131,"column":5}}]},"9":{"loc":{"start":{"line":133,"column":24},"end":{"line":133,"column":61}},"type":"binary-expr","locations":[{"start":{"line":133,"column":24},"end":{"line":133,"column":55}},{"start":{"line":133,"column":59},"end":{"line":133,"column":61}}]},"10":{"loc":{"start":{"line":137,"column":19},"end":{"line":137,"column":61}},"type":"cond-expr","locations":[{"start":{"line":137,"column":38},"end":{"line":137,"column":56}},{"start":{"line":137,"column":59},"end":{"line":137,"column":61}}]},"11":{"loc":{"start":{"line":142,"column":4},"end":{"line":157,"column":5}},"type":"if","locations":[{"start":{"line":142,"column":4},"end":{"line":157,"column":5}}]},"12":{"loc":{"start":{"line":143,"column":6},"end":{"line":156,"column":7}},"type":"if","locations":[{"start":{"line":143,"column":6},"end":{"line":156,"column":7}},{"start":{"line":149,"column":13},"end":{"line":156,"column":7}}]},"13":{"loc":{"start":{"line":146,"column":8},"end":{"line":148,"column":9}},"type":"if","locations":[{"start":{"line":146,"column":8},"end":{"line":148,"column":9}}]},"14":{"loc":{"start":{"line":146,"column":12},"end":{"line":146,"column":70}},"type":"binary-expr","locations":[{"start":{"line":146,"column":12},"end":{"line":146,"column":21}},{"start":{"line":146,"column":25},"end":{"line":146,"column":70}}]},"15":{"loc":{"start":{"line":152,"column":10},"end":{"line":154,"column":11}},"type":"if","locations":[{"start":{"line":152,"column":10},"end":{"line":154,"column":11}}]},"16":{"loc":{"start":{"line":177,"column":4},"end":{"line":179,"column":5}},"type":"if","locations":[{"start":{"line":177,"column":4},"end":{"line":179,"column":5}}]},"17":{"loc":{"start":{"line":182,"column":4},"end":{"line":188,"column":5}},"type":"if","locations":[{"start":{"line":182,"column":4},"end":{"line":188,"column":5}}]},"18":{"loc":{"start":{"line":207,"column":11},"end":{"line":207,"column":59}},"type":"binary-expr","locations":[{"start":{"line":207,"column":11},"end":{"line":207,"column":51}},{"start":{"line":207,"column":55},"end":{"line":207,"column":59}}]},"19":{"loc":{"start":{"line":222,"column":12},"end":{"line":222,"column":94}},"type":"binary-expr","locations":[{"start":{"line":222,"column":12},"end":{"line":222,"column":86}},{"start":{"line":222,"column":90},"end":{"line":222,"column":94}}]}},"s":{"0":71,"1":71,"2":71,"3":71,"4":71,"5":0,"6":70,"7":1,"8":1,"9":69,"10":1,"11":1,"12":12,"13":12,"14":12,"15":11,"16":1,"17":1,"18":10,"19":16,"20":171,"21":16,"22":4,"23":4,"24":4,"25":5,"26":5,"27":5,"28":5,"29":2,"30":2,"31":1,"32":1,"33":6,"34":6,"35":1,"36":5,"37":5,"38":5,"39":5,"40":5,"41":5,"42":3,"43":0,"44":0,"45":0,"46":0,"47":3,"48":9,"49":6,"50":5,"51":15,"52":9,"53":5,"54":4,"55":4,"56":2,"57":2,"58":2,"59":1,"60":1,"61":1,"62":1,"63":4,"64":4,"65":2,"66":2,"67":17,"68":17,"69":7,"70":3,"71":7,"72":12,"73":5,"74":7},"f":{"0":71,"1":71,"2":12,"3":10,"4":16,"5":171,"6":4,"7":4,"8":5,"9":2,"10":6,"11":0,"12":9,"13":15,"14":9,"15":4,"16":4,"17":2,"18":17,"19":7,"20":3,"21":12,"22":5},"b":{"0":[0],"1":[1],"2":[171,28],"3":[16,1],"4":[4,2],"5":[5],"6":[1],"7":[2,1],"8":[1],"9":[5,2],"10":[3,2],"11":[3],"12":[0,3],"13":[0],"14":[0,0],"15":[6],"16":[2],"17":[1],"18":[4,2],"19":[17,15]}}
,"/home/atomik/src/insight/src/lib/types.ts": {"path":"/home/atomik/src/insight/src/lib/types.ts","statementMap":{"0":{"start":{"line":1,"column":0},"end":{"line":1,"column":null}},"1":{"start":{"line":2,"column":2},"end":{"line":2,"column":null}},"2":{"start":{"line":3,"column":2},"end":{"line":3,"column":null}},"3":{"start":{"line":4,"column":2},"end":{"line":4,"column":null}},"4":{"start":{"line":5,"column":2},"end":{"line":5,"column":null}},"5":{"start":{"line":6,"column":2},"end":{"line":6,"column":null}},"6":{"start":{"line":7,"column":2},"end":{"line":7,"column":null}},"7":{"start":{"line":8,"column":2},"end":{"line":8,"column":null}},"8":{"start":{"line":9,"column":2},"end":{"line":9,"column":null}},"9":{"start":{"line":152,"column":50},"end":{"line":367,"column":2}},"10":{"start":{"line":380,"column":61},"end":{"line":430,"column":2}}},"fnMap":{"0":{"name":"(anonymous_0)","decl":{"start":{"line":1,"column":0},"end":{"line":1,"column":6}},"loc":{"start":{"line":1,"column":28},"end":{"line":10,"column":1}}}},"branchMap":{"0":{"loc":{"start":{"line":1,"column":12},"end":{"line":1,"column":null}},"type":"binary-expr","locations":[{"start":{"line":1,"column":12},"end":{"line":1,"column":28}},{"start":{"line":1,"column":12},"end":{"line":1,"column":null}}]}},"s":{"0":2,"1":2,"2":2,"3":2,"4":2,"5":2,"6":2,"7":2,"8":2,"9":2,"10":2},"f":{"0":2},"b":{"0":[2,2]}}
}
