TN:
SF:src/index.ts
FN:20,(anonymous_0)
FN:41,(anonymous_1)
FN:42,(anonymous_2)
FN:48,(anonymous_3)
FN:52,(anonymous_4)
FN:56,(anonymous_5)
FN:57,(anonymous_6)
FN:94,(anonymous_7)
FN:113,(anonymous_8)
FN:141,(anonymous_9)
FN:169,(anonymous_10)
FN:212,(anonymous_11)
FN:240,(anonymous_12)
FN:250,(anonymous_13)
FN:253,(anonymous_14)
FN:258,(anonymous_15)
FN:265,(anonymous_16)
FNF:17
FNH:7
FNDA:4,(anonymous_0)
FNDA:0,(anonymous_1)
FNDA:0,(anonymous_2)
FNDA:3,(anonymous_3)
FNDA:3,(anonymous_4)
FNDA:4,(anonymous_5)
FNDA:1,(anonymous_6)
FNDA:1,(anonymous_7)
FNDA:0,(anonymous_8)
FNDA:0,(anonymous_9)
FNDA:0,(anonymous_10)
FNDA:0,(anonymous_11)
FNDA:0,(anonymous_12)
FNDA:0,(anonymous_13)
FNDA:0,(anonymous_14)
FNDA:0,(anonymous_15)
FNDA:1,(anonymous_16)
DA:21,4
DA:22,4
DA:26,4
DA:38,4
DA:41,4
DA:42,4
DA:43,0
DA:44,0
DA:49,3
DA:53,3
DA:57,4
DA:94,4
DA:95,1
DA:97,0
DA:99,0
DA:101,0
DA:103,0
DA:105,1
DA:114,0
DA:118,0
DA:119,0
DA:125,0
DA:127,0
DA:142,0
DA:143,0
DA:144,0
DA:150,0
DA:151,0
DA:153,0
DA:154,0
DA:156,0
DA:170,0
DA:171,0
DA:172,0
DA:178,0
DA:182,0
DA:183,0
DA:189,0
DA:195,0
DA:197,0
DA:213,0
DA:217,0
DA:218,0
DA:224,0
DA:226,0
DA:241,0
DA:250,0
DA:253,0
DA:259,0
DA:266,1
DA:267,1
DA:268,1
DA:272,1
DA:273,1
LF:54
LH:17
BRDA:21,0,0,4
BRDA:21,0,1,4
BRDA:95,1,0,0
BRDA:95,1,1,0
BRDA:95,1,2,0
BRDA:95,1,3,0
BRDA:95,1,4,1
BRDA:118,2,0,0
BRDA:143,3,0,0
BRDA:171,4,0,0
BRDA:182,5,0,0
BRDA:217,6,0,0
BRDA:244,7,0,0
BRDA:244,7,1,0
BRDA:247,8,0,0
BRDA:247,8,1,0
BRDA:250,9,0,0
BRDA:250,9,1,0
BRDA:253,10,0,0
BRDA:253,10,1,0
BRDA:256,11,0,0
BRDA:256,11,1,0
BRF:22
BRH:3
end_of_record
TN:
SF:src/lib/phase-manager.ts
FN:34,(anonymous_0)
FN:39,(anonymous_1)
FN:71,(anonymous_2)
FN:87,(anonymous_3)
FN:91,(anonymous_4)
FN:92,(anonymous_5)
FN:98,(anonymous_6)
FN:103,(anonymous_7)
FN:107,(anonymous_8)
FN:115,(anonymous_9)
FN:123,(anonymous_10)
FN:145,(anonymous_11)
FN:151,(anonymous_12)
FN:160,(anonymous_13)
FN:161,(anonymous_14)
FN:170,(anonymous_15)
FN:199,(anonymous_16)
FN:210,(anonymous_17)
FN:218,(anonymous_18)
FN:225,(anonymous_19)
FN:232,(anonymous_20)
FN:237,(anonymous_21)
FN:238,(anonymous_22)
FNF:23
FNH:22
FNDA:21,(anonymous_0)
FNDA:21,(anonymous_1)
FNDA:10,(anonymous_2)
FNDA:3,(anonymous_3)
FNDA:2,(anonymous_4)
FNDA:18,(anonymous_5)
FNDA:3,(anonymous_6)
FNDA:3,(anonymous_7)
FNDA:4,(anonymous_8)
FNDA:2,(anonymous_9)
FNDA:3,(anonymous_10)
FNDA:0,(anonymous_11)
FNDA:6,(anonymous_12)
FNDA:9,(anonymous_13)
FNDA:6,(anonymous_14)
FNDA:3,(anonymous_15)
FNDA:3,(anonymous_16)
FNDA:2,(anonymous_17)
FNDA:2,(anonymous_18)
FNDA:1,(anonymous_19)
FNDA:1,(anonymous_20)
FNDA:1,(anonymous_21)
FNDA:1,(anonymous_22)
DA:35,21
DA:36,21
DA:40,21
DA:42,21
DA:43,21
DA:44,0
DA:48,21
DA:49,1
DA:50,1
DA:54,20
DA:61,0
DA:62,0
DA:72,10
DA:73,10
DA:74,10
DA:76,10
DA:82,0
DA:83,0
DA:88,3
DA:92,2
DA:93,18
DA:95,2
DA:99,3
DA:100,3
DA:104,3
DA:108,4
DA:109,4
DA:111,4
DA:112,4
DA:116,2
DA:117,2
DA:118,1
DA:120,1
DA:128,3
DA:129,3
DA:130,0
DA:133,3
DA:134,3
DA:136,3
DA:137,3
DA:140,3
DA:142,3
DA:143,2
DA:145,0
DA:146,0
DA:147,0
DA:151,2
DA:152,6
DA:153,3
DA:159,3
DA:160,9
DA:161,6
DA:163,3
DA:176,3
DA:177,3
DA:178,1
DA:181,2
DA:182,2
DA:183,1
DA:190,1
DA:191,1
DA:193,1
DA:201,3
DA:207,3
DA:214,2
DA:215,2
DA:221,2
DA:222,2
DA:232,1
DA:233,1
DA:236,1
DA:237,1
DA:238,1
DA:243,1
LF:74
LH:65
BRDA:43,0,0,0
BRDA:48,1,0,1
BRDA:93,2,0,18
BRDA:93,2,1,3
BRDA:95,3,0,2
BRDA:95,3,1,1
BRDA:104,4,0,3
BRDA:104,4,1,1
BRDA:108,5,0,4
BRDA:117,6,0,1
BRDA:117,7,0,2
BRDA:117,7,1,1
BRDA:129,8,0,0
BRDA:133,9,0,3
BRDA:133,9,1,1
BRDA:137,10,0,2
BRDA:137,10,1,1
BRDA:142,11,0,2
BRDA:143,12,0,0
BRDA:143,12,1,2
BRDA:146,13,0,0
BRDA:146,14,0,0
BRDA:146,14,1,0
BRDA:152,15,0,3
BRDA:177,16,0,1
BRDA:182,17,0,1
BRDA:207,18,0,3
BRDA:207,18,1,1
BRDA:222,19,0,2
BRDA:222,19,1,0
BRF:30
BRH:23
end_of_record
TN:
SF:src/lib/types.ts
FN:1,(anonymous_0)
FNF:1
FNH:1
FNDA:2,(anonymous_0)
DA:1,2
DA:2,2
DA:3,2
DA:4,2
DA:5,2
DA:6,2
DA:7,2
DA:8,2
DA:9,2
DA:152,2
DA:362,2
LF:11
LH:11
BRDA:1,0,0,2
BRDA:1,0,1,2
BRF:2
BRH:2
end_of_record
