TN:
SF:src/index.ts
FN:20,(anonymous_0)
FN:41,(anonymous_1)
FN:42,(anonymous_2)
FN:48,(anonymous_3)
FN:52,(anonymous_4)
FN:56,(anonymous_5)
FN:57,(anonymous_6)
FN:220,(anonymous_7)
FN:261,(anonymous_8)
FN:289,(anonymous_9)
FN:317,(anonymous_10)
FN:360,(anonymous_11)
FN:388,(anonymous_12)
FN:431,(anonymous_13)
FN:459,(anonymous_14)
FN:502,(anonymous_15)
FN:530,(anonymous_16)
FN:552,(anonymous_17)
FN:586,(anonymous_18)
FN:596,(anonymous_19)
FN:599,(anonymous_20)
FN:604,(anonymous_21)
FN:611,(anonymous_22)
FN:655,(anonymous_23)
FN:683,(anonymous_24)
FN:709,(anonymous_25)
FN:761,(anonymous_26)
FN:767,(anonymous_27)
FN:775,(anonymous_28)
FN:819,(anonymous_29)
FN:847,(anonymous_30)
FN:893,(anonymous_31)
FNF:32
FNH:30
FNDA:38,(anonymous_0)
FNDA:0,(anonymous_1)
FNDA:24,(anonymous_2)
FNDA:5,(anonymous_3)
FNDA:37,(anonymous_4)
FNDA:38,(anonymous_5)
FNDA:1,(anonymous_6)
FNDA:16,(anonymous_7)
FNDA:2,(anonymous_8)
FNDA:3,(anonymous_9)
FNDA:4,(anonymous_10)
FNDA:4,(anonymous_11)
FNDA:4,(anonymous_12)
FNDA:3,(anonymous_13)
FNDA:4,(anonymous_14)
FNDA:2,(anonymous_15)
FNDA:2,(anonymous_16)
FNDA:1,(anonymous_17)
FNDA:3,(anonymous_18)
FNDA:4,(anonymous_19)
FNDA:1,(anonymous_20)
FNDA:1,(anonymous_21)
FNDA:1,(anonymous_22)
FNDA:1,(anonymous_23)
FNDA:4,(anonymous_24)
FNDA:0,(anonymous_25)
FNDA:4,(anonymous_26)
FNDA:2,(anonymous_27)
FNDA:2,(anonymous_28)
FNDA:2,(anonymous_29)
FNDA:4,(anonymous_30)
FNDA:1,(anonymous_31)
DA:21,38
DA:22,38
DA:26,38
DA:38,38
DA:41,38
DA:42,38
DA:43,24
DA:44,24
DA:49,5
DA:53,37
DA:57,38
DA:220,38
DA:221,16
DA:223,1
DA:225,1
DA:227,1
DA:229,1
DA:231,1
DA:233,1
DA:235,1
DA:237,1
DA:239,1
DA:241,1
DA:243,1
DA:245,1
DA:247,1
DA:249,1
DA:251,1
DA:253,1
DA:262,2
DA:266,2
DA:267,1
DA:273,1
DA:275,1
DA:290,3
DA:291,3
DA:292,2
DA:298,1
DA:299,1
DA:301,1
DA:302,1
DA:304,1
DA:318,4
DA:319,4
DA:320,2
DA:326,2
DA:330,2
DA:331,1
DA:337,1
DA:343,1
DA:345,1
DA:361,4
DA:365,4
DA:366,1
DA:372,3
DA:374,3
DA:389,4
DA:390,4
DA:391,2
DA:397,2
DA:401,2
DA:402,1
DA:408,1
DA:414,1
DA:416,1
DA:432,3
DA:436,3
DA:437,0
DA:443,3
DA:445,3
DA:460,4
DA:461,4
DA:462,2
DA:468,2
DA:472,2
DA:473,1
DA:479,1
DA:485,1
DA:487,1
DA:503,2
DA:507,2
DA:508,0
DA:514,2
DA:516,2
DA:531,2
DA:532,2
DA:533,1
DA:539,1
DA:543,1
DA:544,0
DA:551,1
DA:552,1
DA:554,1
DA:555,0
DA:561,1
DA:566,1
DA:568,1
DA:587,3
DA:596,4
DA:599,1
DA:605,1
DA:612,1
DA:613,1
DA:614,1
DA:620,0
DA:624,0
DA:625,0
DA:631,0
DA:638,0
DA:640,0
DA:656,1
DA:660,1
DA:661,0
DA:667,1
DA:669,1
DA:684,4
DA:685,4
DA:686,2
DA:692,2
DA:696,2
DA:697,1
DA:704,1
DA:709,1
DA:710,1
DA:711,1
DA:716,1
DA:718,0
DA:722,1
DA:723,1
DA:724,1
DA:731,1
DA:737,1
DA:740,1
DA:741,1
DA:743,1
DA:762,4
DA:767,2
DA:776,2
DA:777,2
DA:778,1
DA:784,1
DA:788,1
DA:789,0
DA:795,1
DA:802,1
DA:804,1
DA:820,2
DA:824,2
DA:825,0
DA:831,2
DA:833,2
DA:848,4
DA:849,4
DA:850,2
DA:856,2
DA:860,2
DA:861,1
DA:867,1
DA:873,1
DA:875,1
DA:894,1
DA:895,1
DA:896,1
DA:900,1
DA:901,1
LF:165
LH:151
BRDA:21,0,0,38
BRDA:21,0,1,38
BRDA:221,1,0,1
BRDA:221,1,1,1
BRDA:221,1,2,1
BRDA:221,1,3,1
BRDA:221,1,4,1
BRDA:221,1,5,1
BRDA:221,1,6,1
BRDA:221,1,7,1
BRDA:221,1,8,1
BRDA:221,1,9,1
BRDA:221,1,10,1
BRDA:221,1,11,1
BRDA:221,1,12,1
BRDA:221,1,13,1
BRDA:221,1,14,1
BRDA:221,1,15,1
BRDA:266,2,0,1
BRDA:291,3,0,2
BRDA:319,4,0,2
BRDA:330,5,0,1
BRDA:365,6,0,1
BRDA:390,7,0,2
BRDA:401,8,0,1
BRDA:436,9,0,0
BRDA:461,10,0,2
BRDA:472,11,0,1
BRDA:507,12,0,0
BRDA:532,13,0,1
BRDA:543,14,0,0
BRDA:554,15,0,0
BRDA:590,16,0,3
BRDA:590,16,1,1
BRDA:593,17,0,3
BRDA:593,17,1,1
BRDA:596,18,0,3
BRDA:596,18,1,0
BRDA:599,19,0,3
BRDA:599,19,1,2
BRDA:602,20,0,3
BRDA:602,20,1,2
BRDA:613,21,0,1
BRDA:624,22,0,0
BRDA:660,23,0,0
BRDA:685,24,0,2
BRDA:696,25,0,1
BRDA:704,26,0,1
BRDA:704,26,1,0
BRDA:710,27,0,1
BRDA:710,27,1,0
BRDA:722,28,0,1
BRDA:723,29,0,1
BRDA:723,29,1,0
BRDA:767,30,0,4
BRDA:767,30,1,1
BRDA:777,31,0,1
BRDA:788,32,0,0
BRDA:824,33,0,0
BRDA:849,34,0,2
BRDA:860,35,0,1
BRF:61
BRH:49
end_of_record
TN:
SF:src/lib/phase-manager.ts
FN:34,(anonymous_0)
FN:39,(anonymous_1)
FN:71,(anonymous_2)
FN:87,(anonymous_3)
FN:91,(anonymous_4)
FN:92,(anonymous_5)
FN:98,(anonymous_6)
FN:103,(anonymous_7)
FN:107,(anonymous_8)
FN:115,(anonymous_9)
FN:123,(anonymous_10)
FN:145,(anonymous_11)
FN:151,(anonymous_12)
FN:160,(anonymous_13)
FN:161,(anonymous_14)
FN:170,(anonymous_15)
FN:199,(anonymous_16)
FN:210,(anonymous_17)
FN:218,(anonymous_18)
FN:225,(anonymous_19)
FN:232,(anonymous_20)
FN:237,(anonymous_21)
FN:238,(anonymous_22)
FNF:23
FNH:22
FNDA:71,(anonymous_0)
FNDA:71,(anonymous_1)
FNDA:12,(anonymous_2)
FNDA:10,(anonymous_3)
FNDA:16,(anonymous_4)
FNDA:171,(anonymous_5)
FNDA:4,(anonymous_6)
FNDA:4,(anonymous_7)
FNDA:5,(anonymous_8)
FNDA:2,(anonymous_9)
FNDA:6,(anonymous_10)
FNDA:0,(anonymous_11)
FNDA:9,(anonymous_12)
FNDA:15,(anonymous_13)
FNDA:9,(anonymous_14)
FNDA:4,(anonymous_15)
FNDA:4,(anonymous_16)
FNDA:2,(anonymous_17)
FNDA:17,(anonymous_18)
FNDA:7,(anonymous_19)
FNDA:3,(anonymous_20)
FNDA:12,(anonymous_21)
FNDA:5,(anonymous_22)
DA:35,71
DA:36,71
DA:40,71
DA:42,71
DA:43,71
DA:44,0
DA:48,70
DA:49,1
DA:50,1
DA:54,69
DA:61,1
DA:62,1
DA:72,12
DA:73,12
DA:74,12
DA:76,11
DA:82,1
DA:83,1
DA:88,10
DA:92,16
DA:93,171
DA:95,16
DA:99,4
DA:100,4
DA:104,4
DA:108,5
DA:109,5
DA:111,5
DA:112,5
DA:116,2
DA:117,2
DA:118,1
DA:120,1
DA:128,6
DA:129,6
DA:130,1
DA:133,5
DA:134,5
DA:136,5
DA:137,5
DA:140,5
DA:142,5
DA:143,3
DA:145,0
DA:146,0
DA:147,0
DA:151,3
DA:152,9
DA:153,6
DA:159,5
DA:160,15
DA:161,9
DA:163,5
DA:176,4
DA:177,4
DA:178,2
DA:181,2
DA:182,2
DA:183,1
DA:190,1
DA:191,1
DA:193,1
DA:201,4
DA:207,4
DA:214,2
DA:215,2
DA:221,17
DA:222,17
DA:232,7
DA:233,3
DA:236,7
DA:237,12
DA:238,5
DA:243,7
LF:74
LH:70
BRDA:43,0,0,0
BRDA:48,1,0,1
BRDA:93,2,0,171
BRDA:93,2,1,28
BRDA:95,3,0,16
BRDA:95,3,1,1
BRDA:104,4,0,4
BRDA:104,4,1,2
BRDA:108,5,0,5
BRDA:117,6,0,1
BRDA:117,7,0,2
BRDA:117,7,1,1
BRDA:129,8,0,1
BRDA:133,9,0,5
BRDA:133,9,1,2
BRDA:137,10,0,3
BRDA:137,10,1,2
BRDA:142,11,0,3
BRDA:143,12,0,0
BRDA:143,12,1,3
BRDA:146,13,0,0
BRDA:146,14,0,0
BRDA:146,14,1,0
BRDA:152,15,0,6
BRDA:177,16,0,2
BRDA:182,17,0,1
BRDA:207,18,0,4
BRDA:207,18,1,2
BRDA:222,19,0,17
BRDA:222,19,1,15
BRF:30
BRH:25
end_of_record
TN:
SF:src/lib/types.ts
FN:1,(anonymous_0)
FNF:1
FNH:1
FNDA:2,(anonymous_0)
DA:1,2
DA:2,2
DA:3,2
DA:4,2
DA:5,2
DA:6,2
DA:7,2
DA:8,2
DA:9,2
DA:152,2
DA:380,2
LF:11
LH:11
BRDA:1,0,0,2
BRDA:1,0,1,2
BRF:2
BRH:2
end_of_record
